This is XeTeX, Version 3.14159265-2.6-0.999992 (MiKTeX 20.6.29) (preloaded format=xelatex 2020.10.6)  2 JAN 2021 12:03
entering extended mode
**d:/Documents/rayGit/FQ/seminarioII/preTesisTex/reporte2/reporte2.tex
(d:/Documents/rayGit/FQ/seminarioII/preTesisTex/reporte2/reporte2.tex
LaTeX2e <2020-02-02> patch level 5
L3 programming layer <2020-06-18> (C:\Users\sagad\AppData\Local\Programs\MiKTeX\tex/latex/base\article.cls
Document Class: article 2019/12/20 v1.4l Standard LaTeX document class
(C:\Users\sagad\AppData\Local\Programs\MiKTeX\tex/latex/base\size12.clo
File: size12.clo 2019/12/20 v1.4l Standard LaTeX file (size option)
)
\c@part=\count163
\c@section=\count164
\c@subsection=\count165
\c@subsubsection=\count166
\c@paragraph=\count167
\c@subparagraph=\count168
\c@figure=\count169
\c@table=\count170
\abovecaptionskip=\skip47
\belowcaptionskip=\skip48
\bibindent=\dimen134
) (C:\Users\sagad\AppData\Local\Programs\MiKTeX\tex/generic/babel\babel.sty
Package: babel 2020/06/10 3.45 The Babel package
 (C:\Users\sagad\AppData\Local\Programs\MiKTeX\tex/generic/babel\babel.def
File: babel.def 2020/06/10 3.45 Babel common definitions
\babel@savecnt=\count171
\U@D=\dimen135
\l@babelnohyphens=\language79
 (C:\Users\sagad\AppData\Local\Programs\MiKTeX\tex/generic/babel\xebabel.def (C:\Users\sagad\AppData\Local\Programs\MiKTeX\tex/generic/babel\txtbabel.def))
\bbl@readstream=\read2
)
\bbl@dirlevel=\count172

*************************************
* Local config file bblopts.cfg used
*
(C:\Users\sagad\AppData\Local\Programs\MiKTeX\tex/latex/arabi\bblopts.cfg
File: bblopts.cfg 2005/09/08 v0.1 add Arabic and Farsi to "declared" options of babel
) (C:\Users\sagad\AppData\Local\Programs\MiKTeX\tex/latex/babel-german\ngerman.ldf
Language: ngerman 2020/07/21 v2.12 German support for babel (post-1996 orthography)
 (C:\Users\sagad\AppData\Local\Programs\MiKTeX\tex/latex/babel-german\ngermanb.ldf
Language: ngermanb 2020/07/21 v2.12 German support for babel (post-1996 orthography)
Package babel Info: Making " an active character on input line 121.
)) (C:\Users\sagad\AppData\Local\Programs\MiKTeX\tex/generic/babel-french\french.ldf
Language: french 2020/10/10 v3.5l French support from the babel system
Package babel Info: \l@acadian = using hyphenrules for french
(babel)             (\language22) on input line 91.
Package babel Info: \l@canadien = using hyphenrules for french
(babel)             (\language22) on input line 92.
\FB@nonchar=\count173
Package french.ldf Info: No need for active punctuation characters
(french.ldf)             with this version of XeTeX!
(french.ldf)             reported on input line 332.
\FB@punctthick=\XeTeXcharclass1
\FB@punctthin=\XeTeXcharclass2
\FB@punctnul=\XeTeXcharclass3
\FB@guilo=\XeTeXcharclass4
\FB@guilf=\XeTeXcharclass5
\FB@guilnul=\XeTeXcharclass6
\FBguill@level=\count174
\FBold@everypar=\toks15
\FB@Mht=\dimen136
\mc@charclass=\count175
\mc@charfam=\count176
\mc@charslot=\count177
\std@mcc=\count178
\dec@mcc=\count179
\listindentFB=\dimen137
\descindentFB=\dimen138
\labelindentFB=\dimen139
\labelwidthFB=\dimen140
\leftmarginFB=\dimen141
\parindentFFN=\dimen142
\FBfnindent=\dimen143
) (C:\Users\sagad\AppData\Local\Programs\MiKTeX\tex/latex/babel-english\english.ldf
Language: english 2017/06/06 v3.3r English support from the babel system
Package babel Info: \l@canadian = using hyphenrules for english
(babel)             (\language0) on input line 102.
Package babel Info: \l@australian = using hyphenrules for ukenglish
(babel)             (\language73) on input line 105.
Package babel Info: \l@newzealand = using hyphenrules for ukenglish
(babel)             (\language73) on input line 108.
) (C:\Users\sagad\AppData\Local\Programs\MiKTeX\tex/latex/babel-spanish\spanish.ldf
Language: spanish.ldf 2016/03/03 v5.0p Spanish support from the babel system
\es@quottoks=\toks16
\es@quotdepth=\count180
Package babel Info: Making . an active character on input line 662.
Package babel Info: Making < an active character on input line 707.
Package babel Info: Making > an active character on input line 707.
)) (C:\Users\sagad\AppData\Local\Programs\MiKTeX\tex/latex/carlisle\scalefnt.sty) (C:\Users\sagad\AppData\Local\Programs\MiKTeX\tex/latex/graphics\keyval.sty
Package: keyval 2014/10/28 v1.15 key=value parser (DPC)
\KV@toks@=\toks17
) (C:\Users\sagad\AppData\Local\Programs\MiKTeX\tex/latex/arabtex\arabtex.sty (C:\Users\sagad\AppData\Local\Programs\MiKTeX\tex/latex/arabtex\aconfig.sty
LaTeX2e detected 
BABEL detected
\a@moduledate=\count181
\a@maindate=\count182
)
Package: arabtex 2003/08/22  3.11 ArabTeX main module
 (C:\Users\sagad\AppData\Local\Programs\MiKTeX\tex/latex/arabtex\arabaux.sty
Package: arabaux 2003/05/21  3.11 auxiliary macros for ArabTeX
) (C:\Users\sagad\AppData\Local\Programs\MiKTeX\tex/latex/arabtex\acmd.sty
Package: acmd 2003/08/20  3.11 Arabic command processing 
) (C:\Users\sagad\AppData\Local\Programs\MiKTeX\tex/latex/arabtex\afonts.sty
Package: afonts 1995/11/16  3.04 define Naskh font 
 (C:\Users\sagad\AppData\Local\Programs\MiKTeX\tex/latex/arabtex\afonts2.sty
Package: afonts2 1998/10/19  3.10 define Naskh fonts for LaTeX2e
)) (C:\Users\sagad\AppData\Local\Programs\MiKTeX\tex/latex/arabtex\ascan.sty
Package: ascan 2003/08/22  3.11 standard ZDMG input encoding 
 (ArabTeX) scanner for code `arabtex' installed. (ArabTeX) input encoding set to ArabTeX standard conventions.) (C:\Users\sagad\AppData\Local\Programs\MiKTeX\tex/latex/arabtex\aparse.sty
Package: aparse 2003/05/26  3.11 get syllables 
) (C:\Users\sagad\AppData\Local\Programs\MiKTeX\tex/latex/arabtex\awrite.sty
Package: awrite 2003/06/05  3.11 build output word 
 (C:\Users\sagad\AppData\Local\Programs\MiKTeX\tex/latex/arabtex\xarbsymb.sty
Package: xarbsymb 1998/07/15  3.07 symbolic output encoding 
) (C:\Users\sagad\AppData\Local\Programs\MiKTeX\tex/latex/arabtex\arabskel.sty
Package: arabskel 2000/06/04  3.10 character skeleton definitions 
) (C:\Users\sagad\AppData\Local\Programs\MiKTeX\tex/latex/arabtex\xarbskel.sty
Package: xarbskel 1999/07/17  3.09 character skeleton definitions 
) (C:\Users\sagad\AppData\Local\Programs\MiKTeX\tex/latex/arabtex\aboxes.sty
Package: aboxes 2003/05/28  3.11 build output boxes
) (C:\Users\sagad\AppData\Local\Programs\MiKTeX\tex/latex/arabtex\arabtoks.sty
Package: arabtoks 1999/07/17  3.09 ArabTeX CS token definitions 
) (C:\Users\sagad\AppData\Local\Programs\MiKTeX\tex/latex/arabtex\arabchrs.sty
Package: arabchrs 1998/07/11  3.07 letter token definitions 
)) (C:\Users\sagad\AppData\Local\Programs\MiKTeX\tex/latex/arabtex\aligs.sty
Package: aligs 2003/05/26  3.11 compute ligatures
) (C:\Users\sagad\AppData\Local\Programs\MiKTeX\tex/latex/arabtex\aoutput.sty
Package: aoutput 2000/06/04  3.10 build output lines
) (C:\Users\sagad\AppData\Local\Programs\MiKTeX\tex/latex/arabtex\abidir.sty
Package: abidir 2003/08/22  3.11 bidirectional linebreaking
) (C:\Users\sagad\AppData\Local\Programs\MiKTeX\tex/latex/arabtex\atrans.sty
Package: atrans 2003/06/14  3.11 generate the transliteration 
 (ArabTeX) ZDMG transliteration.) (C:\Users\sagad\AppData\Local\Programs\MiKTeX\tex/latex/arabtex\alatex.sty
Package: alatex 2003/05/04  3.11 ArabTeX extensions for LaTeX 
 (C:\Users\sagad\AppData\Local\Programs\MiKTeX\tex/latex/arabtex\afoot.sty
Package: afoot 2003/05/12  3.11 ArabTeX footnotes
)) (C:\Users\sagad\AppData\Local\Programs\MiKTeX\tex/latex/arabtex\abjad.sty
Package: abjad 2003/04/26  3.11 abjad numerals 
) (C:\Users\sagad\AppData\Local\Programs\MiKTeX\tex/latex/arabtex\apatch.sty (C:\Users\sagad\AppData\Local\Programs\MiKTeX\tex/latex/arabtex\alists.sty
Package: alists 2003/04/26  3.11 inverted list macros
) (C:\Users\sagad\AppData\Local\Programs\MiKTeX\tex/latex/arabtex\asect.sty
Package: asect 2003/04/26  3.11 section macros for Arabic
) (C:\Users\sagad\AppData\Local\Programs\MiKTeX\tex/latex/arabtex\atabg.sty
Package: atabg 1997/01/21  3.05 LaTeX tabbing macros for Arabic
)
Invalid UTF-8 byte or sequence at line 1299 replaced by U+FFFD.
Invalid UTF-8 byte or sequence at line 1299 replaced by U+FFFD.
Invalid UTF-8 byte or sequence at line 1300 replaced by U+FFFD.
 (C:\Users\sagad\AppData\Local\Programs\MiKTeX\tex/latex/arabtex\alocal.sty (ArabTeX) 3.11 local stub, 26.02.2006)
Package: apatch 2006/07/02  3.11s last minute patches 
)
Arabic processor `ArabTeX' [20060702 patch level 3.11s (02.07.2006)]
(ArabTeX) ... now be patient ... ) (C:\Users\sagad\AppData\Local\Programs\MiKTeX\tex/latex/import\import.sty
Package: import 2020/04/01  v 6.2
) (C:\Users\sagad\AppData\Local\Programs\MiKTeX\tex/latex/graphics\graphicx.sty
Package: graphicx 2019/11/30 v1.2a Enhanced LaTeX Graphics (DPC,SPQR)
 (C:\Users\sagad\AppData\Local\Programs\MiKTeX\tex/latex/graphics\graphics.sty
Package: graphics 2019/11/30 v1.4a Standard LaTeX Graphics (DPC,SPQR)
 (C:\Users\sagad\AppData\Local\Programs\MiKTeX\tex/latex/graphics\trig.sty
Package: trig 2016/01/03 v1.10 sin cos tan (DPC)
) (C:\Users\sagad\AppData\Local\Programs\MiKTeX\tex/latex/graphics-cfg\graphics.cfg
File: graphics.cfg 2016/06/04 v1.11 sample graphics configuration
)
Package graphics Info: Driver file: xetex.def on input line 105.
 (C:\Users\sagad\AppData\Local\Programs\MiKTeX\tex/latex/graphics-def\xetex.def
File: xetex.def 2017/06/24 v5.0h Graphics/color driver for xetex
))
\Gin@req@height=\dimen166
\Gin@req@width=\dimen167
) (C:\Users\sagad\AppData\Local\Programs\MiKTeX\tex/latex/adjustbox\adjustbox.sty
Package: adjustbox 2020/08/19 v1.3 Adjusting TeX boxes (trim, clip, ...)
 (C:\Users\sagad\AppData\Local\Programs\MiKTeX\tex/latex/xkeyval\xkeyval.sty
Package: xkeyval 2014/12/03 v2.7a package option processing (HA)
 (C:\Users\sagad\AppData\Local\Programs\MiKTeX\tex/generic/xkeyval\xkeyval.tex (C:\Users\sagad\AppData\Local\Programs\MiKTeX\tex/generic/xkeyval\xkvutils.tex
\XKV@toks=\toks38
\XKV@tempa@toks=\toks39
)
\XKV@depth=\count278
File: xkeyval.tex 2014/12/03 v2.7a key=value parser (HA)
)) (C:\Users\sagad\AppData\Local\Programs\MiKTeX\tex/latex/adjustbox\adjcalc.sty
Package: adjcalc 2012/05/16 v1.1 Provides advanced setlength with multiple back-ends (calc, etex, pgfmath)
) (C:\Users\sagad\AppData\Local\Programs\MiKTeX\tex/latex/adjustbox\trimclip.sty
Package: trimclip 2020/08/19 v1.2 Trim and clip general TeX material
 (C:\Users\sagad\AppData\Local\Programs\MiKTeX\tex/latex/collectbox\collectbox.sty
Package: collectbox 2012/05/17 v0.4b Collect macro arguments as boxes
\collectedbox=\box60
)
\tc@llx=\dimen168
\tc@lly=\dimen169
\tc@urx=\dimen170
\tc@ury=\dimen171
Package trimclip Info: Using driver 'tc-xetex.def'.
 (C:\Users\sagad\AppData\Local\Programs\MiKTeX\tex/latex/adjustbox\tc-xetex.def
File: tc-xetex.def 2019/01/04 v2.2 Clipping driver for xetex
))
\adjbox@Width=\dimen172
\adjbox@Height=\dimen173
\adjbox@Depth=\dimen174
\adjbox@Totalheight=\dimen175
\adjbox@pwidth=\dimen176
\adjbox@pheight=\dimen177
\adjbox@pdepth=\dimen178
\adjbox@ptotalheight=\dimen179
 (C:\Users\sagad\AppData\Local\Programs\MiKTeX\tex/latex/ifoddpage\ifoddpage.sty
Package: ifoddpage 2016/04/23 v1.1 Conditionals for odd/even page detection
\c@checkoddpage=\count279
) (C:\Users\sagad\AppData\Local\Programs\MiKTeX\tex/latex/varwidth\varwidth.sty
Package: varwidth 2009/03/30 ver 0.92;  Variable-width minipages
\@vwid@box=\box61
\sift@deathcycles=\count280
\@vwid@loff=\dimen180
\@vwid@roff=\dimen181
)) (C:\Users\sagad\AppData\Local\Programs\MiKTeX\tex/latex/geometry\geometry.sty
Package: geometry 2020/01/02 v5.9 Page Geometry
 (C:\Users\sagad\AppData\Local\Programs\MiKTeX\tex/generic/iftex\ifvtex.sty
Package: ifvtex 2019/10/25 v1.7 ifvtex legacy package. Use iftex instead.
 (C:\Users\sagad\AppData\Local\Programs\MiKTeX\tex/generic/iftex\iftex.sty
Package: iftex 2020/03/06 v1.0d TeX engine tests
))
\Gm@cnth=\count281
\Gm@cntv=\count282
\c@Gm@tempcnt=\count283
\Gm@bindingoffset=\dimen182
\Gm@wd@mp=\dimen183
\Gm@odd@mp=\dimen184
\Gm@even@mp=\dimen185
\Gm@layoutwidth=\dimen186
\Gm@layoutheight=\dimen187
\Gm@layouthoffset=\dimen188
\Gm@layoutvoffset=\dimen189
\Gm@dimlist=\toks40
 (C:\Users\sagad\AppData\Local\Programs\MiKTeX\tex/xelatex/xetexconfig\geometry.cfg)) (C:\Users\sagad\AppData\Local\Programs\MiKTeX\tex/latex/apacite\apacite.sty
Package: apacite 2013/07/21 v6.03 APA citation
\c@BibCnt=\count284
\bibleftmargin=\skip51
\bibindent=\skip52
\bibparsep=\skip53
\bibitemsep=\skip54
\biblabelsep=\skip55
) (C:\Users\sagad\AppData\Local\Programs\MiKTeX\tex/latex/mathtools\mathtools.sty
Package: mathtools 2020/03/24 v1.24 mathematical typesetting tools
 (C:\Users\sagad\AppData\Local\Programs\MiKTeX\tex/latex/tools\calc.sty
Package: calc 2017/05/25 v4.3 Infix arithmetic (KKT,FJ)
\calc@Acount=\count285
\calc@Bcount=\count286
\calc@Adimen=\dimen190
\calc@Bdimen=\dimen191
\calc@Askip=\skip56
\calc@Bskip=\skip57
LaTeX Info: Redefining \setlength on input line 80.
LaTeX Info: Redefining \addtolength on input line 81.
\calc@Ccount=\count287
\calc@Cskip=\skip58
) (C:\Users\sagad\AppData\Local\Programs\MiKTeX\tex/latex/mathtools\mhsetup.sty
Package: mhsetup 2017/03/31 v1.3 programming setup (MH)
) (C:\Users\sagad\AppData\Local\Programs\MiKTeX\tex/latex/amsmath\amsmath.sty
Package: amsmath 2020/01/20 v2.17e AMS math features
\@mathmargin=\skip59

For additional information on amsmath, use the `?' option.
(C:\Users\sagad\AppData\Local\Programs\MiKTeX\tex/latex/amsmath\amstext.sty
Package: amstext 2000/06/29 v2.01 AMS text
 (C:\Users\sagad\AppData\Local\Programs\MiKTeX\tex/latex/amsmath\amsgen.sty
File: amsgen.sty 1999/11/30 v2.0 generic functions
\@emptytoks=\toks41
\ex@=\dimen192
)) (C:\Users\sagad\AppData\Local\Programs\MiKTeX\tex/latex/amsmath\amsbsy.sty
Package: amsbsy 1999/11/29 v1.2d Bold Symbols
\pmbraise@=\dimen193
) (C:\Users\sagad\AppData\Local\Programs\MiKTeX\tex/latex/amsmath\amsopn.sty
Package: amsopn 2016/03/08 v2.02 operator names
)
\inf@bad=\count288
LaTeX Info: Redefining \frac on input line 227.
\uproot@=\count289
\leftroot@=\count290
LaTeX Info: Redefining \overline on input line 389.
\classnum@=\count291
\DOTSCASE@=\count292
LaTeX Info: Redefining \ldots on input line 486.
LaTeX Info: Redefining \dots on input line 489.
LaTeX Info: Redefining \cdots on input line 610.
\Mathstrutbox@=\box62
\strutbox@=\box63
\big@size=\dimen194
LaTeX Font Info:    Redeclaring font encoding OML on input line 733.
LaTeX Font Info:    Redeclaring font encoding OMS on input line 734.
\macc@depth=\count293
\c@MaxMatrixCols=\count294
\dotsspace@=\muskip16
\c@parentequation=\count295
\dspbrk@lvl=\count296
\tag@help=\toks42
\row@=\count297
\column@=\count298
\maxfields@=\count299
\andhelp@=\toks43
\eqnshift@=\dimen195
\alignsep@=\dimen196
\tagshift@=\dimen197
\tagwidth@=\dimen198
\totwidth@=\dimen199
\lineht@=\dimen256
\@envbody=\toks44
\multlinegap=\skip60
\multlinetaggap=\skip61
\mathdisplay@stack=\toks45
LaTeX Info: Redefining \[ on input line 2859.
LaTeX Info: Redefining \] on input line 2860.
)
LaTeX Info: Thecontrolsequence`\('isalreadyrobust on input line 130.
LaTeX Info: Thecontrolsequence`\)'isalreadyrobust on input line 130.
LaTeX Info: Thecontrolsequence`\['isalreadyrobust on input line 130.
LaTeX Info: Thecontrolsequence`\]'isalreadyrobust on input line 130.
\g_MT_multlinerow_int=\count300
\l_MT_multwidth_dim=\dimen257
\origjot=\skip62
\l_MT_shortvdotswithinadjustabove_dim=\dimen258
\l_MT_shortvdotswithinadjustbelow_dim=\dimen259
\l_MT_above_intertext_sep=\dimen260
\l_MT_below_intertext_sep=\dimen261
\l_MT_above_shortintertext_sep=\dimen262
\l_MT_below_shortintertext_sep=\dimen263
\xmathstrut@box=\box64
\xmathstrut@dim=\dimen264
) (C:\Users\sagad\AppData\Local\Programs\MiKTeX\tex/latex/hyperref\hyperref.sty
Package: hyperref 2020-05-15 v7.00e Hypertext links for LaTeX
 (C:\Users\sagad\AppData\Local\Programs\MiKTeX\tex/generic/ltxcmds\ltxcmds.sty
Package: ltxcmds 2019/12/15 v1.24 LaTeX kernel commands for general use (HO)
) (C:\Users\sagad\AppData\Local\Programs\MiKTeX\tex/generic/pdftexcmds\pdftexcmds.sty
Package: pdftexcmds 2020-06-27 v0.33 Utility functions of pdfTeX for LuaTeX (HO)
 (C:\Users\sagad\AppData\Local\Programs\MiKTeX\tex/generic/infwarerr\infwarerr.sty
Package: infwarerr 2019/12/03 v1.5 Providing info/warning/error messages (HO)
)
Package pdftexcmds Info: \pdf@primitive is available.
Package pdftexcmds Info: \pdf@ifprimitive is available.
Package pdftexcmds Info: \pdfdraftmode not found.
) (C:\Users\sagad\AppData\Local\Programs\MiKTeX\tex/generic/kvsetkeys\kvsetkeys.sty
Package: kvsetkeys 2019/12/15 v1.18 Key value parser (HO)
) (C:\Users\sagad\AppData\Local\Programs\MiKTeX\tex/generic/kvdefinekeys\kvdefinekeys.sty
Package: kvdefinekeys 2019-12-19 v1.6 Define keys (HO)
) (C:\Users\sagad\AppData\Local\Programs\MiKTeX\tex/generic/pdfescape\pdfescape.sty
Package: pdfescape 2019/12/09 v1.15 Implements pdfTeX's escape features (HO)
) (C:\Users\sagad\AppData\Local\Programs\MiKTeX\tex/latex/hycolor\hycolor.sty
Package: hycolor 2020-01-27 v1.10 Color options for hyperref/bookmark (HO)
) (C:\Users\sagad\AppData\Local\Programs\MiKTeX\tex/latex/letltxmacro\letltxmacro.sty
Package: letltxmacro 2019/12/03 v1.6 Let assignment for LaTeX macros (HO)
) (C:\Users\sagad\AppData\Local\Programs\MiKTeX\tex/latex/auxhook\auxhook.sty
Package: auxhook 2019-12-17 v1.6 Hooks for auxiliary files (HO)


Package auxhook Warning: Cannot patch \document,
(auxhook)                using \AtBeginDocument instead.

) (C:\Users\sagad\AppData\Local\Programs\MiKTeX\tex/latex/kvoptions\kvoptions.sty
Package: kvoptions 2019/11/29 v3.13 Key value format for package options (HO)
)
\@linkdim=\dimen265
\Hy@linkcounter=\count301
\Hy@pagecounter=\count302
 (C:\Users\sagad\AppData\Local\Programs\MiKTeX\tex/latex/hyperref\pd1enc.def
File: pd1enc.def 2020-05-15 v7.00e Hyperref: PDFDocEncoding definition (HO)
) (C:\Users\sagad\AppData\Local\Programs\MiKTeX\tex/generic/intcalc\intcalc.sty
Package: intcalc 2019/12/15 v1.3 Expandable calculations with integers (HO)
) (C:\Users\sagad\AppData\Local\Programs\MiKTeX\tex/generic/etexcmds\etexcmds.sty
Package: etexcmds 2019/12/15 v1.7 Avoid name clashes with e-TeX commands (HO)
)
\Hy@SavedSpaceFactor=\count303
Package hyperref Info: Hyper figures OFF on input line 4464.
Package hyperref Info: Link nesting OFF on input line 4469.
Package hyperref Info: Hyper index ON on input line 4472.
Package hyperref Info: Plain pages OFF on input line 4479.
Package hyperref Info: Backreferencing OFF on input line 4484.
Package hyperref Info: Implicit mode ON; LaTeX internals redefined.
Package hyperref Info: Bookmarks ON on input line 4717.
\c@Hy@tempcnt=\count304
 (C:\Users\sagad\AppData\Local\Programs\MiKTeX\tex/latex/url\url.sty
\Urlmuskip=\muskip17
Package: url 2013/09/16  ver 3.4  Verb mode for urls, etc.
)
LaTeX Info: Redefining \url on input line 5076.
\XeTeXLinkMargin=\dimen266
 (C:\Users\sagad\AppData\Local\Programs\MiKTeX\tex/generic/bitset\bitset.sty
Package: bitset 2019/12/09 v1.3 Handle bit-vector datatype (HO)
 (C:\Users\sagad\AppData\Local\Programs\MiKTeX\tex/generic/bigintcalc\bigintcalc.sty
Package: bigintcalc 2019/12/15 v1.5 Expandable calculations on big integers (HO)
))
\Fld@menulength=\count305
\Field@Width=\dimen267
\Fld@charsize=\dimen268
Package hyperref Info: Hyper figures OFF on input line 6347.
Package hyperref Info: Link nesting OFF on input line 6352.
Package hyperref Info: Hyper index ON on input line 6355.
Package hyperref Info: backreferencing OFF on input line 6362.
Package hyperref Info: Link coloring OFF on input line 6367.
Package hyperref Info: Link coloring with OCG OFF on input line 6372.
Package hyperref Info: PDF/A mode OFF on input line 6377.
LaTeX Info: Redefining \ref on input line 6417.
LaTeX Info: Redefining \pageref on input line 6421.
 (C:\Users\sagad\AppData\Local\Programs\MiKTeX\tex/generic/atbegshi\atbegshi.sty
Package: atbegshi 2019/12/05 v1.19 At begin shipout hook (HO)
)
\Hy@abspage=\count306
\c@Item=\count307
\c@Hfootnote=\count308
)
Package hyperref Info: Driver (autodetected): hxetex.
 (C:\Users\sagad\AppData\Local\Programs\MiKTeX\tex/latex/hyperref\hxetex.def
File: hxetex.def 2020-05-15 v7.00e Hyperref driver for XeTeX
 (C:\Users\sagad\AppData\Local\Programs\MiKTeX\tex/latex/hyperref\puenc.def
File: puenc.def 2020-05-15 v7.00e Hyperref: PDF Unicode definition (HO)
) (C:\Users\sagad\AppData\Local\Programs\MiKTeX\tex/generic/stringenc\stringenc.sty
Package: stringenc 2019/11/29 v1.12 Convert strings between diff. encodings (HO)
)
\pdfm@box=\box65
\c@Hy@AnnotLevel=\count309
\HyField@AnnotCount=\count310
\Fld@listcount=\count311
\c@bookmark@seq@number=\count312
 (C:\Users\sagad\AppData\Local\Programs\MiKTeX\tex/latex/rerunfilecheck\rerunfilecheck.sty
Package: rerunfilecheck 2019/12/05 v1.9 Rerun checks for auxiliary files (HO)
 (C:\Users\sagad\AppData\Local\Programs\MiKTeX\tex/latex/atveryend\atveryend.sty
Package: atveryend 2019-12-11 v1.11 Hooks at the very end of document (HO)
Package atveryend Info: \enddocument detected (standard20110627).
Package atveryend Info: \a@enddocument detected (standard20110627).
) (C:\Users\sagad\AppData\Local\Programs\MiKTeX\tex/generic/uniquecounter\uniquecounter.sty
Package: uniquecounter 2019/12/15 v1.4 Provide unlimited unique counter (HO)
)
Package uniquecounter Info: New unique counter `rerunfilecheck' on input line 286.
)
\Hy@SectionHShift=\skip63
) (C:\Users\sagad\AppData\Local\Programs\MiKTeX\tex/latex/l3backend\l3backend-xdvipdfmx.def
File: l3backend-xdvipdfmx.def 2020-06-29 L3 backend support: xdvipdfmx
\g__graphics_track_int=\count313
\l__pdf_internal_box=\box66
\g__pdf_backend_object_int=\count314
\g__pdf_backend_annotation_int=\count315
) (reporte2.aux
LaTeX Info: Redefining \. on input line 29.
LaTeX Info: Redefining \% on input line 29.
LaTeX Info: Redefining \. on input line 30.
LaTeX Info: Redefining \% on input line 30.
LaTeX Info: Redefining \. on input line 32.
LaTeX Info: Redefining \% on input line 32.
)
\openout1 = `reporte2.aux'.

LaTeX Font Info:    Checking defaults for OML/cmm/m/it on input line 47.
LaTeX Font Info:    ... okay on input line 47.
LaTeX Font Info:    Checking defaults for OMS/cmsy/m/n on input line 47.
LaTeX Font Info:    ... okay on input line 47.
LaTeX Font Info:    Checking defaults for OT1/cmr/m/n on input line 47.
LaTeX Font Info:    ... okay on input line 47.
LaTeX Font Info:    Checking defaults for T1/cmr/m/n on input line 47.
LaTeX Font Info:    ... okay on input line 47.
LaTeX Font Info:    Checking defaults for TS1/cmr/m/n on input line 47.
LaTeX Font Info:    Trying to load font information for TS1+cmr on input line 47.
 (C:\Users\sagad\AppData\Local\Programs\MiKTeX\tex/latex/base\ts1cmr.fd
File: ts1cmr.fd 2019/12/16 v2.5j Standard LaTeX font definitions
)
LaTeX Font Info:    ... okay on input line 47.
LaTeX Font Info:    Checking defaults for TU/lmr/m/n on input line 47.
LaTeX Font Info:    ... okay on input line 47.
LaTeX Font Info:    Checking defaults for OMX/cmex/m/n on input line 47.
LaTeX Font Info:    ... okay on input line 47.
LaTeX Font Info:    Checking defaults for U/cmr/m/n on input line 47.
LaTeX Font Info:    ... okay on input line 47.
LaTeX Font Info:    Checking defaults for PD1/pdf/m/n on input line 47.
LaTeX Font Info:    ... okay on input line 47.
LaTeX Font Info:    Checking defaults for PU/pdf/m/n on input line 47.
LaTeX Font Info:    ... okay on input line 47.
LaTeX Info: Redefining \. on input line 47.
LaTeX Info: Redefining \% on input line 47.
LaTeX Info: Redefining \degres on input line 47.
LaTeX Info: Redefining \dots on input line 47.
LaTeX Info: Redefining \up on input line 47.

*geometry* detected driver: pdftex
*geometry* verbose mode - [ preamble ] result:
* driver: pdftex
* paper: a4paper
* layout: <same size as paper>
* layoutoffset:(h,v)=(0.0pt,0.0pt)
* modes: 
* h-part:(L,W,R)=(24.12772pt, 549.25243pt, 24.12773pt)
* v-part:(T,H,B)=(53.27475pt, 711.85994pt, 79.91216pt)
* \paperwidth=597.50787pt
* \paperheight=845.04684pt
* \textwidth=549.25243pt
* \textheight=711.85994pt
* \oddsidemargin=-48.14227pt
* \evensidemargin=-48.14227pt
* \topmargin=-55.99524pt
* \headheight=12.0pt
* \headsep=25.0pt
* \topskip=12.0pt
* \footskip=30.0pt
* \marginparwidth=4.0pt
* \marginparsep=10.0pt
* \columnsep=10.0pt
* \skip\footins=10.8pt plus 4.0pt minus 2.0pt
* \hoffset=0.0pt
* \voffset=0.0pt
* \mag=1000
* \@twocolumntrue
* \@twosidefalse
* \@mparswitchfalse
* \@reversemarginfalse
* (1in=72.27pt=25.4mm, 1cm=28.453pt)

\c@maskedRefs=\count316
(C:\Users\sagad\AppData\Local\Programs\MiKTeX\tex/latex/apacite\spanish.apc
File: spanish.apc 2013/07/21 v6.03 apacite language file
LaTeX Info: Redefining \BPBI on input line 138.
LaTeX Info: Redefining \BHBI on input line 139.
)
\AtBeginShipoutBox=\box67
Package hyperref Info: Link coloring OFF on input line 47.
 (C:\Users\sagad\AppData\Local\Programs\MiKTeX\tex/latex/hyperref\nameref.sty
Package: nameref 2019/09/16 v2.46 Cross-referencing by name of section
 (C:\Users\sagad\AppData\Local\Programs\MiKTeX\tex/latex/refcount\refcount.sty
Package: refcount 2019/12/15 v3.6 Data extraction from label references (HO)
) (C:\Users\sagad\AppData\Local\Programs\MiKTeX\tex/generic/gettitlestring\gettitlestring.sty
Package: gettitlestring 2019/12/15 v1.6 Cleanup title references (HO)
)
\c@section@level=\count317
)
LaTeX Info: Redefining \ref on input line 47.
LaTeX Info: Redefining \pageref on input line 47.
LaTeX Info: Redefining \nameref on input line 47.
 (reporte2.out) (reporte2.out)
\@outlinefile=\write5
\openout5 = `reporte2.out'.

 (C:\Users\sagad\AppData\Local\Programs\MiKTeX\tex/latex/arabtex\apatch.sty
Invalid UTF-8 byte or sequence at line 1299 replaced by U+FFFD.
Invalid UTF-8 byte or sequence at line 1299 replaced by U+FFFD.
Invalid UTF-8 byte or sequence at line 1300 replaced by U+FFFD.
\a@lines=\count318
\a@Lwidth=\dimen269
\a@displaywidth=\dimen270
 (C:\Users\sagad\AppData\Local\Programs\MiKTeX\tex/latex/arabtex\alocal.sty (ArabTeX) 3.11 local stub, 26.02.2006) (ArabTeX) version 3.11s (02.07.2006): second phase of patching) (componentes/resumen/resumen.tex
LaTeX Info: Redefining \. on input line 19.
LaTeX Info: Redefining \% on input line 19.
LaTeX Info: Redefining \. on input line 19.
LaTeX Info: Redefining \% on input line 19.
) (componentes/introduccion/introduccion.tex
componentes/introduccion/introduccion.tex:3: Undefined control sequence.
\hyper@@link ->\let \Hy@reserved@a 
                                   \relax \@ifnextchar [{\hyper@link@ }{\hyp...
l.3 ...espuesta inmune adaptativa\cite{article:CL}
                                                  .
The control sequence at the end of the top line
of your error message was never \def'ed. If you have
misspelled it (e.g., `\hobx'), type `I' and the correct
spelling (e.g., `I\hbox'). Otherwise just continue,
and I'll forget about whatever was undefined.

componentes/introduccion/introduccion.tex:3: Argument of \@@cite has an extra }.
<inserted text> 
                \par 
l.3 ...espuesta inmune adaptativa\cite{article:CL}
                                                  .
I've run across a `}' that doesn't seem to match anything.
For example, `\def\a#1{...}' and `\a}' would produce
this error. If you simply proceed now, the `\par' that
I've just inserted will cause me to report a runaway
argument that might be the root of the problem. But if
your `}' was spurious, just type `2' and it will go away.

Runaway argument?
>{\hyper@link@ }\def \reserved@b {\hyper@link@ [link]}\futurelet \@let@token \ETC.
componentes/introduccion/introduccion.tex:3: Paragraph ended before \@@cite was complete.
<to be read again> 
                   \par 
l.3 ...espuesta inmune adaptativa\cite{article:CL}
                                                  .
I suspect you've forgotten a `}', causing me to apply this
control sequence to too much text. How can we recover?
My plan is to forget the whole thing and hope for the best.

componentes/introduccion/introduccion.tex:3: Undefined control sequence.
\hyper@@link ->\let \Hy@reserved@a 
                                   \relax \@ifnextchar [{\hyper@link@ }{\hyp...
l.3 ...espuesta inmune adaptativa\cite{article:CL}
                                                  .
The control sequence at the end of the top line
of your error message was never \def'ed. If you have
misspelled it (e.g., `\hobx'), type `I' and the correct
spelling (e.g., `I\hbox'). Otherwise just continue,
and I'll forget about whatever was undefined.

componentes/introduccion/introduccion.tex:3: Argument of \@@cite has an extra }.
<inserted text> 
                \par 
l.3 ...espuesta inmune adaptativa\cite{article:CL}
                                                  .
I've run across a `}' that doesn't seem to match anything.
For example, `\def\a#1{...}' and `\a}' would produce
this error. If you simply proceed now, the `\par' that
I've just inserted will cause me to report a runaway
argument that might be the root of the problem. But if
your `}' was spurious, just type `2' and it will go away.

Runaway argument?
>{\hyper@link@ }\def \reserved@b {\hyper@link@ [link]}\futurelet \@let@token \ETC.
componentes/introduccion/introduccion.tex:3: Paragraph ended before \@@cite was complete.
<to be read again> 
                   \par 
l.3 ...espuesta inmune adaptativa\cite{article:CL}
                                                  .
I suspect you've forgotten a `}', causing me to apply this
control sequence to too much text. How can we recover?
My plan is to forget the whole thing and hope for the best.

componentes/introduccion/introduccion.tex:7: Undefined control sequence.
\hyper@@link ->\let \Hy@reserved@a 
                                   \relax \@ifnextchar [{\hyper@link@ }{\hyp...
l.7 ...ata y adaptativa \cite{article:vertebrados}
                                                  .
The control sequence at the end of the top line
of your error message was never \def'ed. If you have
misspelled it (e.g., `\hobx'), type `I' and the correct
spelling (e.g., `I\hbox'). Otherwise just continue,
and I'll forget about whatever was undefined.

componentes/introduccion/introduccion.tex:7: Argument of \@@cite has an extra }.
<inserted text> 
                \par 
l.7 ...ata y adaptativa \cite{article:vertebrados}
                                                  .
I've run across a `}' that doesn't seem to match anything.
For example, `\def\a#1{...}' and `\a}' would produce
this error. If you simply proceed now, the `\par' that
I've just inserted will cause me to report a runaway
argument that might be the root of the problem. But if
your `}' was spurious, just type `2' and it will go away.

Runaway argument?
>{\hyper@link@ }\def \reserved@b {\hyper@link@ [link]}\futurelet \@let@token \ETC.
componentes/introduccion/introduccion.tex:7: Paragraph ended before \@@cite was complete.
<to be read again> 
                   \par 
l.7 ...ata y adaptativa \cite{article:vertebrados}
                                                  .
I suspect you've forgotten a `}', causing me to apply this
control sequence to too much text. How can we recover?
My plan is to forget the whole thing and hope for the best.

componentes/introduccion/introduccion.tex:7: Undefined control sequence.
\hyper@@link ->\let \Hy@reserved@a 
                                   \relax \@ifnextchar [{\hyper@link@ }{\hyp...
l.7 ...ata y adaptativa \cite{article:vertebrados}
                                                  .
The control sequence at the end of the top line
of your error message was never \def'ed. If you have
misspelled it (e.g., `\hobx'), type `I' and the correct
spelling (e.g., `I\hbox'). Otherwise just continue,
and I'll forget about whatever was undefined.

componentes/introduccion/introduccion.tex:7: Argument of \@@cite has an extra }.
<inserted text> 
                \par 
l.7 ...ata y adaptativa \cite{article:vertebrados}
                                                  .
I've run across a `}' that doesn't seem to match anything.
For example, `\def\a#1{...}' and `\a}' would produce
this error. If you simply proceed now, the `\par' that
I've just inserted will cause me to report a runaway
argument that might be the root of the problem. But if
your `}' was spurious, just type `2' and it will go away.

Runaway argument?
>{\hyper@link@ }\def \reserved@b {\hyper@link@ [link]}\futurelet \@let@token \ETC.
componentes/introduccion/introduccion.tex:7: Paragraph ended before \@@cite was complete.
<to be read again> 
                   \par 
l.7 ...ata y adaptativa \cite{article:vertebrados}
                                                  .
I suspect you've forgotten a `}', causing me to apply this
control sequence to too much text. How can we recover?
My plan is to forget the whole thing and hope for the best.

componentes/introduccion/introduccion.tex:9: Undefined control sequence.
\hyper@@link ->\let \Hy@reserved@a 
                                   \relax \@ifnextchar [{\hyper@link@ }{\hyp...
l.9 ...etróxido de osmio} (ZIO) \cite{article:ZIO}
                                                   y \et{cloruro de oro} \ci...
The control sequence at the end of the top line
of your error message was never \def'ed. If you have
misspelled it (e.g., `\hobx'), type `I' and the correct
spelling (e.g., `I\hbox'). Otherwise just continue,
and I'll forget about whatever was undefined.

componentes/introduccion/introduccion.tex:9: Argument of \@@cite has an extra }.
<inserted text> 
                \par 
l.9 ...etróxido de osmio} (ZIO) \cite{article:ZIO}
                                                   y \et{cloruro de oro} \ci...
I've run across a `}' that doesn't seem to match anything.
For example, `\def\a#1{...}' and `\a}' would produce
this error. If you simply proceed now, the `\par' that
I've just inserted will cause me to report a runaway
argument that might be the root of the problem. But if
your `}' was spurious, just type `2' and it will go away.

Runaway argument?
>{\hyper@link@ }\def \reserved@b {\hyper@link@ [link]}\futurelet \@let@token \ETC.
componentes/introduccion/introduccion.tex:9: Paragraph ended before \@@cite was complete.
<to be read again> 
                   \par 
l.9 ...etróxido de osmio} (ZIO) \cite{article:ZIO}
                                                   y \et{cloruro de oro} \ci...
I suspect you've forgotten a `}', causing me to apply this
control sequence to too much text. How can we recover?
My plan is to forget the whole thing and hope for the best.

componentes/introduccion/introduccion.tex:9: Undefined control sequence.
\hyper@@link ->\let \Hy@reserved@a 
                                   \relax \@ifnextchar [{\hyper@link@ }{\hyp...
l.9 ...etróxido de osmio} (ZIO) \cite{article:ZIO}
                                                   y \et{cloruro de oro} \ci...
The control sequence at the end of the top line
of your error message was never \def'ed. If you have
misspelled it (e.g., `\hobx'), type `I' and the correct
spelling (e.g., `I\hbox'). Otherwise just continue,
and I'll forget about whatever was undefined.

componentes/introduccion/introduccion.tex:9: Argument of \@@cite has an extra }.
<inserted text> 
                \par 
l.9 ...etróxido de osmio} (ZIO) \cite{article:ZIO}
                                                   y \et{cloruro de oro} \ci...
I've run across a `}' that doesn't seem to match anything.
For example, `\def\a#1{...}' and `\a}' would produce
this error. If you simply proceed now, the `\par' that
I've just inserted will cause me to report a runaway
argument that might be the root of the problem. But if
your `}' was spurious, just type `2' and it will go away.

Runaway argument?
>{\hyper@link@ }\def \reserved@b {\hyper@link@ [link]}\futurelet \@let@token \ETC.
componentes/introduccion/introduccion.tex:9: Paragraph ended before \@@cite was complete.
<to be read again> 
                   \par 
l.9 ...etróxido de osmio} (ZIO) \cite{article:ZIO}
                                                   y \et{cloruro de oro} \ci...
I suspect you've forgotten a `}', causing me to apply this
control sequence to too much text. How can we recover?
My plan is to forget the whole thing and hope for the best.

componentes/introduccion/introduccion.tex:9: Undefined control sequence.
\hyper@@link ->\let \Hy@reserved@a 
                                   \relax \@ifnextchar [{\hyper@link@ }{\hyp...
l.9 ...} y \et{cloruro de oro} \cite{article:ClAu}
                                                   han sido empleadas en la ...
The control sequence at the end of the top line
of your error message was never \def'ed. If you have
misspelled it (e.g., `\hobx'), type `I' and the correct
spelling (e.g., `I\hbox'). Otherwise just continue,
and I'll forget about whatever was undefined.

componentes/introduccion/introduccion.tex:9: Argument of \@@cite has an extra }.
<inserted text> 
                \par 
l.9 ...} y \et{cloruro de oro} \cite{article:ClAu}
                                                   han sido empleadas en la ...
I've run across a `}' that doesn't seem to match anything.
For example, `\def\a#1{...}' and `\a}' would produce
this error. If you simply proceed now, the `\par' that
I've just inserted will cause me to report a runaway
argument that might be the root of the problem. But if
your `}' was spurious, just type `2' and it will go away.

Runaway argument?
>{\hyper@link@ }\def \reserved@b {\hyper@link@ [link]}\futurelet \@let@token \ETC.
componentes/introduccion/introduccion.tex:9: Paragraph ended before \@@cite was complete.
<to be read again> 
                   \par 
l.9 ...} y \et{cloruro de oro} \cite{article:ClAu}
                                                   han sido empleadas en la ...
I suspect you've forgotten a `}', causing me to apply this
control sequence to too much text. How can we recover?
My plan is to forget the whole thing and hope for the best.

componentes/introduccion/introduccion.tex:9: Undefined control sequence.
\hyper@@link ->\let \Hy@reserved@a 
                                   \relax \@ifnextchar [{\hyper@link@ }{\hyp...
l.9 ...} y \et{cloruro de oro} \cite{article:ClAu}
                                                   han sido empleadas en la ...
The control sequence at the end of the top line
of your error message was never \def'ed. If you have
misspelled it (e.g., `\hobx'), type `I' and the correct
spelling (e.g., `I\hbox'). Otherwise just continue,
and I'll forget about whatever was undefined.

componentes/introduccion/introduccion.tex:9: Argument of \@@cite has an extra }.
<inserted text> 
                \par 
l.9 ...} y \et{cloruro de oro} \cite{article:ClAu}
                                                   han sido empleadas en la ...
I've run across a `}' that doesn't seem to match anything.
For example, `\def\a#1{...}' and `\a}' would produce
this error. If you simply proceed now, the `\par' that
I've just inserted will cause me to report a runaway
argument that might be the root of the problem. But if
your `}' was spurious, just type `2' and it will go away.

Runaway argument?
>{\hyper@link@ }\def \reserved@b {\hyper@link@ [link]}\futurelet \@let@token \ETC.
componentes/introduccion/introduccion.tex:9: Paragraph ended before \@@cite was complete.
<to be read again> 
                   \par 
l.9 ...} y \et{cloruro de oro} \cite{article:ClAu}
                                                   han sido empleadas en la ...
I suspect you've forgotten a `}', causing me to apply this
control sequence to too much text. How can we recover?
My plan is to forget the whole thing and hope for the best.

File: ImpregancionZIO.jpg Graphic file (type bmp)
<ImpregancionZIO.jpg>
File: ImpregancionAu.jpg Graphic file (type bmp)
<ImpregancionAu.jpg>

LaTeX Warning: `h' float specifier changed to `ht'.


Underfull \vbox (badness 10000) has occurred while \output is active []

 (C:\Users\sagad\AppData\Local\Programs\MiKTeX\tex/generic/stringenc\se-ascii-print.def
File: se-ascii-print.def 2019/11/29 v1.12 stringenc: Printable ASCII characters
) [1


]
componentes/introduccion/introduccion.tex:27: Undefined control sequence.
\hyper@@link ->\let \Hy@reserved@a 
                                   \relax \@ifnextchar [{\hyper@link@ }{\hyp...
l.27 ...zimática} para ATPasa\cite{article:ATPasa}
                                                  , lo cual proveerá técnica...
The control sequence at the end of the top line
of your error message was never \def'ed. If you have
misspelled it (e.g., `\hobx'), type `I' and the correct
spelling (e.g., `I\hbox'). Otherwise just continue,
and I'll forget about whatever was undefined.

componentes/introduccion/introduccion.tex:27: Argument of \@@cite has an extra }.
<inserted text> 
                \par 
l.27 ...zimática} para ATPasa\cite{article:ATPasa}
                                                  , lo cual proveerá técnica...
I've run across a `}' that doesn't seem to match anything.
For example, `\def\a#1{...}' and `\a}' would produce
this error. If you simply proceed now, the `\par' that
I've just inserted will cause me to report a runaway
argument that might be the root of the problem. But if
your `}' was spurious, just type `2' and it will go away.

Runaway argument?
>{\hyper@link@ }\def \reserved@b {\hyper@link@ [link]}\futurelet \@let@token \ETC.
componentes/introduccion/introduccion.tex:27: Paragraph ended before \@@cite was complete.
<to be read again> 
                   \par 
l.27 ...zimática} para ATPasa\cite{article:ATPasa}
                                                  , lo cual proveerá técnica...
I suspect you've forgotten a `}', causing me to apply this
control sequence to too much text. How can we recover?
My plan is to forget the whole thing and hope for the best.

componentes/introduccion/introduccion.tex:27: Undefined control sequence.
\hyper@@link ->\let \Hy@reserved@a 
                                   \relax \@ifnextchar [{\hyper@link@ }{\hyp...
l.27 ...zimática} para ATPasa\cite{article:ATPasa}
                                                  , lo cual proveerá técnica...
The control sequence at the end of the top line
of your error message was never \def'ed. If you have
misspelled it (e.g., `\hobx'), type `I' and the correct
spelling (e.g., `I\hbox'). Otherwise just continue,
and I'll forget about whatever was undefined.

componentes/introduccion/introduccion.tex:27: Argument of \@@cite has an extra }.
<inserted text> 
                \par 
l.27 ...zimática} para ATPasa\cite{article:ATPasa}
                                                  , lo cual proveerá técnica...
I've run across a `}' that doesn't seem to match anything.
For example, `\def\a#1{...}' and `\a}' would produce
this error. If you simply proceed now, the `\par' that
I've just inserted will cause me to report a runaway
argument that might be the root of the problem. But if
your `}' was spurious, just type `2' and it will go away.

Runaway argument?
>{\hyper@link@ }\def \reserved@b {\hyper@link@ [link]}\futurelet \@let@token \ETC.
componentes/introduccion/introduccion.tex:27: Paragraph ended before \@@cite was complete.
<to be read again> 
                   \par 
l.27 ...zimática} para ATPasa\cite{article:ATPasa}
                                                  , lo cual proveerá técnica...
I suspect you've forgotten a `}', causing me to apply this
control sequence to too much text. How can we recover?
My plan is to forget the whole thing and hope for the best.

) (componentes/materialesYMetodos/materialesYMetodos.tex
componentes/materialesYMetodos/materialesYMetodos.tex:7: Undefined control sequence.
\hyper@@link ->\let \Hy@reserved@a 
                                   \relax \@ifnextchar [{\hyper@link@ }{\hyp...
l.7 ...acrificio de los especímenes \cite{web:NOM}
                                                   y la obtención de muestra...
The control sequence at the end of the top line
of your error message was never \def'ed. If you have
misspelled it (e.g., `\hobx'), type `I' and the correct
spelling (e.g., `I\hbox'). Otherwise just continue,
and I'll forget about whatever was undefined.

componentes/materialesYMetodos/materialesYMetodos.tex:7: Argument of \@@cite has an extra }.
<inserted text> 
                \par 
l.7 ...acrificio de los especímenes \cite{web:NOM}
                                                   y la obtención de muestra...
I've run across a `}' that doesn't seem to match anything.
For example, `\def\a#1{...}' and `\a}' would produce
this error. If you simply proceed now, the `\par' that
I've just inserted will cause me to report a runaway
argument that might be the root of the problem. But if
your `}' was spurious, just type `2' and it will go away.

Runaway argument?
>{\hyper@link@ }\def \reserved@b {\hyper@link@ [link]}\futurelet \@let@token \ETC.
componentes/materialesYMetodos/materialesYMetodos.tex:7: Paragraph ended before \@@cite was complete.
<to be read again> 
                   \par 
l.7 ...acrificio de los especímenes \cite{web:NOM}
                                                   y la obtención de muestra...
I suspect you've forgotten a `}', causing me to apply this
control sequence to too much text. How can we recover?
My plan is to forget the whole thing and hope for the best.

componentes/materialesYMetodos/materialesYMetodos.tex:7: Undefined control sequence.
\hyper@@link ->\let \Hy@reserved@a 
                                   \relax \@ifnextchar [{\hyper@link@ }{\hyp...
l.7 ...acrificio de los especímenes \cite{web:NOM}
                                                   y la obtención de muestra...
The control sequence at the end of the top line
of your error message was never \def'ed. If you have
misspelled it (e.g., `\hobx'), type `I' and the correct
spelling (e.g., `I\hbox'). Otherwise just continue,
and I'll forget about whatever was undefined.

componentes/materialesYMetodos/materialesYMetodos.tex:7: Argument of \@@cite has an extra }.
<inserted text> 
                \par 
l.7 ...acrificio de los especímenes \cite{web:NOM}
                                                   y la obtención de muestra...
I've run across a `}' that doesn't seem to match anything.
For example, `\def\a#1{...}' and `\a}' would produce
this error. If you simply proceed now, the `\par' that
I've just inserted will cause me to report a runaway
argument that might be the root of the problem. But if
your `}' was spurious, just type `2' and it will go away.

Runaway argument?
>{\hyper@link@ }\def \reserved@b {\hyper@link@ [link]}\futurelet \@let@token \ETC.
componentes/materialesYMetodos/materialesYMetodos.tex:7: Paragraph ended before \@@cite was complete.
<to be read again> 
                   \par 
l.7 ...acrificio de los especímenes \cite{web:NOM}
                                                   y la obtención de muestra...
I suspect you've forgotten a `}', causing me to apply this
control sequence to too much text. How can we recover?
My plan is to forget the whole thing and hope for the best.


Underfull \hbox (badness 7186) in paragraph at lines 7--8
[]\TU/lmr/m/n/12 Se realizó el sacrificio de los especímenes
 []

componentes/materialesYMetodos/materialesYMetodos.tex:9: Undefined control sequence.
\hyper@@link ->\let \Hy@reserved@a 
                                   \relax \@ifnextchar [{\hyper@link@ }{\hyp...
l.9 ...e 15 min a $37^oC$ \cite{article:epidermis}
                                                  , con un microscopio ester...
The control sequence at the end of the top line
of your error message was never \def'ed. If you have
misspelled it (e.g., `\hobx'), type `I' and the correct
spelling (e.g., `I\hbox'). Otherwise just continue,
and I'll forget about whatever was undefined.

componentes/materialesYMetodos/materialesYMetodos.tex:9: Argument of \@@cite has an extra }.
<inserted text> 
                \par 
l.9 ...e 15 min a $37^oC$ \cite{article:epidermis}
                                                  , con un microscopio ester...
I've run across a `}' that doesn't seem to match anything.
For example, `\def\a#1{...}' and `\a}' would produce
this error. If you simply proceed now, the `\par' that
I've just inserted will cause me to report a runaway
argument that might be the root of the problem. But if
your `}' was spurious, just type `2' and it will go away.

Runaway argument?
>{\hyper@link@ }\def \reserved@b {\hyper@link@ [link]}\futurelet \@let@token \ETC.
componentes/materialesYMetodos/materialesYMetodos.tex:9: Paragraph ended before \@@cite was complete.
<to be read again> 
                   \par 
l.9 ...e 15 min a $37^oC$ \cite{article:epidermis}
                                                  , con un microscopio ester...
I suspect you've forgotten a `}', causing me to apply this
control sequence to too much text. How can we recover?
My plan is to forget the whole thing and hope for the best.

componentes/materialesYMetodos/materialesYMetodos.tex:9: Undefined control sequence.
\hyper@@link ->\let \Hy@reserved@a 
                                   \relax \@ifnextchar [{\hyper@link@ }{\hyp...
l.9 ...e 15 min a $37^oC$ \cite{article:epidermis}
                                                  , con un microscopio ester...
The control sequence at the end of the top line
of your error message was never \def'ed. If you have
misspelled it (e.g., `\hobx'), type `I' and the correct
spelling (e.g., `I\hbox'). Otherwise just continue,
and I'll forget about whatever was undefined.

componentes/materialesYMetodos/materialesYMetodos.tex:9: Argument of \@@cite has an extra }.
<inserted text> 
                \par 
l.9 ...e 15 min a $37^oC$ \cite{article:epidermis}
                                                  , con un microscopio ester...
I've run across a `}' that doesn't seem to match anything.
For example, `\def\a#1{...}' and `\a}' would produce
this error. If you simply proceed now, the `\par' that
I've just inserted will cause me to report a runaway
argument that might be the root of the problem. But if
your `}' was spurious, just type `2' and it will go away.

Runaway argument?
>{\hyper@link@ }\def \reserved@b {\hyper@link@ [link]}\futurelet \@let@token \ETC.
componentes/materialesYMetodos/materialesYMetodos.tex:9: Paragraph ended before \@@cite was complete.
<to be read again> 
                   \par 
l.9 ...e 15 min a $37^oC$ \cite{article:epidermis}
                                                  , con un microscopio ester...
I suspect you've forgotten a `}', causing me to apply this
control sequence to too much text. How can we recover?
My plan is to forget the whole thing and hope for the best.

componentes/materialesYMetodos/materialesYMetodos.tex:13: Undefined control sequence.
\hyper@@link ->\let \Hy@reserved@a 
                                   \relax \@ifnextchar [{\hyper@link@ }{\hyp...
l.13 ...es (1) y (2) \cite{article:ATPasaReaction}
                                                   , estuvieron 1 hora a $37...
The control sequence at the end of the top line
of your error message was never \def'ed. If you have
misspelled it (e.g., `\hobx'), type `I' and the correct
spelling (e.g., `I\hbox'). Otherwise just continue,
and I'll forget about whatever was undefined.

componentes/materialesYMetodos/materialesYMetodos.tex:13: Argument of \@@cite has an extra }.
<inserted text> 
                \par 
l.13 ...es (1) y (2) \cite{article:ATPasaReaction}
                                                   , estuvieron 1 hora a $37...
I've run across a `}' that doesn't seem to match anything.
For example, `\def\a#1{...}' and `\a}' would produce
this error. If you simply proceed now, the `\par' that
I've just inserted will cause me to report a runaway
argument that might be the root of the problem. But if
your `}' was spurious, just type `2' and it will go away.

Runaway argument?
>{\hyper@link@ }\def \reserved@b {\hyper@link@ [link]}\futurelet \@let@token \ETC.
componentes/materialesYMetodos/materialesYMetodos.tex:13: Paragraph ended before \@@cite was complete.
<to be read again> 
                   \par 
l.13 ...es (1) y (2) \cite{article:ATPasaReaction}
                                                   , estuvieron 1 hora a $37...
I suspect you've forgotten a `}', causing me to apply this
control sequence to too much text. How can we recover?
My plan is to forget the whole thing and hope for the best.

componentes/materialesYMetodos/materialesYMetodos.tex:13: Undefined control sequence.
\hyper@@link ->\let \Hy@reserved@a 
                                   \relax \@ifnextchar [{\hyper@link@ }{\hyp...
l.13 ...es (1) y (2) \cite{article:ATPasaReaction}
                                                   , estuvieron 1 hora a $37...
The control sequence at the end of the top line
of your error message was never \def'ed. If you have
misspelled it (e.g., `\hobx'), type `I' and the correct
spelling (e.g., `I\hbox'). Otherwise just continue,
and I'll forget about whatever was undefined.

componentes/materialesYMetodos/materialesYMetodos.tex:13: Argument of \@@cite has an extra }.
<inserted text> 
                \par 
l.13 ...es (1) y (2) \cite{article:ATPasaReaction}
                                                   , estuvieron 1 hora a $37...
I've run across a `}' that doesn't seem to match anything.
For example, `\def\a#1{...}' and `\a}' would produce
this error. If you simply proceed now, the `\par' that
I've just inserted will cause me to report a runaway
argument that might be the root of the problem. But if
your `}' was spurious, just type `2' and it will go away.

Runaway argument?
>{\hyper@link@ }\def \reserved@b {\hyper@link@ [link]}\futurelet \@let@token \ETC.
componentes/materialesYMetodos/materialesYMetodos.tex:13: Paragraph ended before \@@cite was complete.
<to be read again> 
                   \par 
l.13 ...es (1) y (2) \cite{article:ATPasaReaction}
                                                   , estuvieron 1 hora a $37...
I suspect you've forgotten a `}', causing me to apply this
control sequence to too much text. How can we recover?
My plan is to forget the whole thing and hope for the best.

componentes/materialesYMetodos/materialesYMetodos.tex:27: Undefined control sequence.
\hyper@@link ->\let \Hy@reserved@a 
                                   \relax \@ifnextchar [{\hyper@link@ }{\hyp...
l.27 ...en medio ácido \cite{article:reduccionOro}
                                                  , las muestras se transfir...
The control sequence at the end of the top line
of your error message was never \def'ed. If you have
misspelled it (e.g., `\hobx'), type `I' and the correct
spelling (e.g., `I\hbox'). Otherwise just continue,
and I'll forget about whatever was undefined.

componentes/materialesYMetodos/materialesYMetodos.tex:27: Argument of \@@cite has an extra }.
<inserted text> 
                \par 
l.27 ...en medio ácido \cite{article:reduccionOro}
                                                  , las muestras se transfir...
I've run across a `}' that doesn't seem to match anything.
For example, `\def\a#1{...}' and `\a}' would produce
this error. If you simply proceed now, the `\par' that
I've just inserted will cause me to report a runaway
argument that might be the root of the problem. But if
your `}' was spurious, just type `2' and it will go away.

Runaway argument?
>{\hyper@link@ }\def \reserved@b {\hyper@link@ [link]}\futurelet \@let@token \ETC.
componentes/materialesYMetodos/materialesYMetodos.tex:27: Paragraph ended before \@@cite was complete.
<to be read again> 
                   \par 
l.27 ...en medio ácido \cite{article:reduccionOro}
                                                  , las muestras se transfir...
I suspect you've forgotten a `}', causing me to apply this
control sequence to too much text. How can we recover?
My plan is to forget the whole thing and hope for the best.

componentes/materialesYMetodos/materialesYMetodos.tex:27: Undefined control sequence.
\hyper@@link ->\let \Hy@reserved@a 
                                   \relax \@ifnextchar [{\hyper@link@ }{\hyp...
l.27 ...en medio ácido \cite{article:reduccionOro}
                                                  , las muestras se transfir...
The control sequence at the end of the top line
of your error message was never \def'ed. If you have
misspelled it (e.g., `\hobx'), type `I' and the correct
spelling (e.g., `I\hbox'). Otherwise just continue,
and I'll forget about whatever was undefined.

componentes/materialesYMetodos/materialesYMetodos.tex:27: Argument of \@@cite has an extra }.
<inserted text> 
                \par 
l.27 ...en medio ácido \cite{article:reduccionOro}
                                                  , las muestras se transfir...
I've run across a `}' that doesn't seem to match anything.
For example, `\def\a#1{...}' and `\a}' would produce
this error. If you simply proceed now, the `\par' that
I've just inserted will cause me to report a runaway
argument that might be the root of the problem. But if
your `}' was spurious, just type `2' and it will go away.

Runaway argument?
>{\hyper@link@ }\def \reserved@b {\hyper@link@ [link]}\futurelet \@let@token \ETC.
componentes/materialesYMetodos/materialesYMetodos.tex:27: Paragraph ended before \@@cite was complete.
<to be read again> 
                   \par 
l.27 ...en medio ácido \cite{article:reduccionOro}
                                                  , las muestras se transfir...
I suspect you've forgotten a `}', causing me to apply this
control sequence to too much text. How can we recover?
My plan is to forget the whole thing and hope for the best.

componentes/materialesYMetodos/materialesYMetodos.tex:34: Undefined control sequence.
\hyper@@link ->\let \Hy@reserved@a 
                                   \relax \@ifnextchar [{\hyper@link@ }{\hyp...
l.34 ... el $ZnOsO_{4}$ \cite{article:productoZIO}
                                                  .
The control sequence at the end of the top line
of your error message was never \def'ed. If you have
misspelled it (e.g., `\hobx'), type `I' and the correct
spelling (e.g., `I\hbox'). Otherwise just continue,
and I'll forget about whatever was undefined.

componentes/materialesYMetodos/materialesYMetodos.tex:34: Argument of \@@cite has an extra }.
<inserted text> 
                \par 
l.34 ... el $ZnOsO_{4}$ \cite{article:productoZIO}
                                                  .
I've run across a `}' that doesn't seem to match anything.
For example, `\def\a#1{...}' and `\a}' would produce
this error. If you simply proceed now, the `\par' that
I've just inserted will cause me to report a runaway
argument that might be the root of the problem. But if
your `}' was spurious, just type `2' and it will go away.

Runaway argument?
>{\hyper@link@ }\def \reserved@b {\hyper@link@ [link]}\futurelet \@let@token \ETC.
componentes/materialesYMetodos/materialesYMetodos.tex:34: Paragraph ended before \@@cite was complete.
<to be read again> 
                   \par 
l.34 ... el $ZnOsO_{4}$ \cite{article:productoZIO}
                                                  .
I suspect you've forgotten a `}', causing me to apply this
control sequence to too much text. How can we recover?
My plan is to forget the whole thing and hope for the best.

componentes/materialesYMetodos/materialesYMetodos.tex:34: Undefined control sequence.
\hyper@@link ->\let \Hy@reserved@a 
                                   \relax \@ifnextchar [{\hyper@link@ }{\hyp...
l.34 ... el $ZnOsO_{4}$ \cite{article:productoZIO}
                                                  .
The control sequence at the end of the top line
of your error message was never \def'ed. If you have
misspelled it (e.g., `\hobx'), type `I' and the correct
spelling (e.g., `I\hbox'). Otherwise just continue,
and I'll forget about whatever was undefined.

componentes/materialesYMetodos/materialesYMetodos.tex:34: Argument of \@@cite has an extra }.
<inserted text> 
                \par 
l.34 ... el $ZnOsO_{4}$ \cite{article:productoZIO}
                                                  .
I've run across a `}' that doesn't seem to match anything.
For example, `\def\a#1{...}' and `\a}' would produce
this error. If you simply proceed now, the `\par' that
I've just inserted will cause me to report a runaway
argument that might be the root of the problem. But if
your `}' was spurious, just type `2' and it will go away.

Runaway argument?
>{\hyper@link@ }\def \reserved@b {\hyper@link@ [link]}\futurelet \@let@token \ETC.
componentes/materialesYMetodos/materialesYMetodos.tex:34: Paragraph ended before \@@cite was complete.
<to be read again> 
                   \par 
l.34 ... el $ZnOsO_{4}$ \cite{article:productoZIO}
                                                  .
I suspect you've forgotten a `}', causing me to apply this
control sequence to too much text. How can we recover?
My plan is to forget the whole thing and hope for the best.

[2]) (componentes/resultados/resultados.tex
File: atpControl.jpg Graphic file (type bmp)
<atpControl.jpg>

Overfull \hbox (1.49191pt too wide) in paragraph at lines 10--11
 [][] 
 []


Underfull \hbox (badness 1558) in paragraph at lines 11--11
[]\TU/lmr/m/n/12 Figura 3: []\TU/lmr/m/n/10.95 Histoquímica
 []

File: atpExp.jpg Graphic file (type bmp)
<atpExp.jpg>

LaTeX Warning: `h' float specifier changed to `ht'.

File: CL1.jpg Graphic file (type bmp)
<CL1.jpg>

Overfull \hbox (2.78162pt too wide) in paragraph at lines 29--30
 [][] 
 []

File: CL2.jpg Graphic file (type bmp)
<CL2.jpg>

LaTeX Warning: `h' float specifier changed to `ht'.

) (componentes/discusion/discusion.tex) (componentes/conclusion/conclusion.tex
Underfull \vbox (badness 10000) has occurred while \output is active []

 [3]) (reporte2.bbl
Underfull \hbox (badness 10000) in paragraph at lines 262--274
[]$[][][][] [][][] [][][] [] [][][][] [] [][][][] [] [][][] [] [][][][] [] [][][][][][][][] [] [][][][] []
 []

)
Package atveryend Info: Empty hook `BeforeClearDocument' on input line 82.
 [4]
Package atveryend Info: Empty hook `AfterLastShipout' on input line 82.
 (reporte2.aux
LaTeX Info: Redefining \. on input line 29.
LaTeX Info: Redefining \% on input line 29.
LaTeX Info: Redefining \. on input line 30.
LaTeX Info: Redefining \% on input line 30.
LaTeX Info: Redefining \. on input line 32.
LaTeX Info: Redefining \% on input line 32.
)
Package atveryend Info: Empty hook `AtVeryEndDocument' on input line 82.


 *File List*
 article.cls    2019/12/20 v1.4l Standard LaTeX document class
  size12.clo    2019/12/20 v1.4l Standard LaTeX file (size option)
   babel.sty    2020/06/10 3.45 The Babel package
 bblopts.cfg    2005/09/08 v0.1 add Arabic and Farsi to "declared" options of babel
 ngerman.ldf    2020/07/21 v2.12 German support for babel (post-1996 orthography)
  french.ldf    2020/10/10 v3.5l French support from the babel system
 english.ldf    2017/06/06 v3.3r English support from the babel system
 spanish.ldf
scalefnt.sty    
  keyval.sty    2014/10/28 v1.15 key=value parser (DPC)
 arabtex.sty    2003/08/22  3.11 ArabTeX main module
 arabaux.sty    2003/05/21  3.11 auxiliary macros for ArabTeX
    acmd.sty    2003/08/20  3.11 Arabic command processing 
  afonts.sty    1995/11/16  3.04 define Naskh font 
 afonts2.sty    1998/10/19  3.10 define Naskh fonts for LaTeX2e
   ascan.sty    2003/08/22  3.11 standard ZDMG input encoding 
  aparse.sty    2003/05/26  3.11 get syllables 
  awrite.sty    2003/06/05  3.11 build output word 
xarbsymb.sty    1998/07/15  3.07 symbolic output encoding 
arabskel.sty    2000/06/04  3.10 character skeleton definitions 
xarbskel.sty    1999/07/17  3.09 character skeleton definitions 
  aboxes.sty    2003/05/28  3.11 build output boxes
arabtoks.sty    1999/07/17  3.09 ArabTeX CS token definitions 
arabchrs.sty    1998/07/11  3.07 letter token definitions 
   aligs.sty    2003/05/26  3.11 compute ligatures
 aoutput.sty    2000/06/04  3.10 build output lines
  abidir.sty    2003/08/22  3.11 bidirectional linebreaking
  atrans.sty    2003/06/14  3.11 generate the transliteration 
  alatex.sty    2003/05/04  3.11 ArabTeX extensions for LaTeX 
   afoot.sty    2003/05/12  3.11 ArabTeX footnotes
   abjad.sty    2003/04/26  3.11 abjad numerals 
  apatch.sty    2006/07/02  3.11s last minute patches 
  alists.sty    2003/04/26  3.11 inverted list macros
   asect.sty    2003/04/26  3.11 section macros for Arabic
   atabg.sty    1997/01/21  3.05 LaTeX tabbing macros for Arabic
  import.sty    2020/04/01  v 6.2
graphicx.sty    2019/11/30 v1.2a Enhanced LaTeX Graphics (DPC,SPQR)
graphics.sty    2019/11/30 v1.4a Standard LaTeX Graphics (DPC,SPQR)
    trig.sty    2016/01/03 v1.10 sin cos tan (DPC)
graphics.cfg    2016/06/04 v1.11 sample graphics configuration
   xetex.def    2017/06/24 v5.0h Graphics/color driver for xetex
adjustbox.sty    2020/08/19 v1.3 Adjusting TeX boxes (trim, clip, ...)
 xkeyval.sty    2014/12/03 v2.7a package option processing (HA)
 xkeyval.tex    2014/12/03 v2.7a key=value parser (HA)
 adjcalc.sty    2012/05/16 v1.1 Provides advanced setlength with multiple back-ends (calc, etex, pgfmath)
trimclip.sty    2020/08/19 v1.2 Trim and clip general TeX material
collectbox.sty    2012/05/17 v0.4b Collect macro arguments as boxes
tc-xetex.def    2019/01/04 v2.2 Clipping driver for xetex
ifoddpage.sty    2016/04/23 v1.1 Conditionals for odd/even page detection
varwidth.sty    2009/03/30 ver 0.92;  Variable-width minipages
geometry.sty    2020/01/02 v5.9 Page Geometry
  ifvtex.sty    2019/10/25 v1.7 ifvtex legacy package. Use iftex instead.
   iftex.sty    2020/03/06 v1.0d TeX engine tests
geometry.cfg
 apacite.sty    2013/07/21 v6.03 APA citation
mathtools.sty    2020/03/24 v1.24 mathematical typesetting tools
    calc.sty    2017/05/25 v4.3 Infix arithmetic (KKT,FJ)
 mhsetup.sty    2017/03/31 v1.3 programming setup (MH)
 amsmath.sty    2020/01/20 v2.17e AMS math features
 amstext.sty    2000/06/29 v2.01 AMS text
  amsgen.sty    1999/11/30 v2.0 generic functions
  amsbsy.sty    1999/11/29 v1.2d Bold Symbols
  amsopn.sty    2016/03/08 v2.02 operator names
hyperref.sty    2020-05-15 v7.00e Hypertext links for LaTeX
 ltxcmds.sty    2019/12/15 v1.24 LaTeX kernel commands for general use (HO)
pdftexcmds.sty    2020-06-27 v0.33 Utility functions of pdfTeX for LuaTeX (HO)
infwarerr.sty    2019/12/03 v1.5 Providing info/warning/error messages (HO)
kvsetkeys.sty    2019/12/15 v1.18 Key value parser (HO)
kvdefinekeys.sty    2019-12-19 v1.6 Define keys (HO)
pdfescape.sty    2019/12/09 v1.15 Implements pdfTeX's escape features (HO)
 hycolor.sty    2020-01-27 v1.10 Color options for hyperref/bookmark (HO)
letltxmacro.sty    2019/12/03 v1.6 Let assignment for LaTeX macros (HO)
 auxhook.sty    2019-12-17 v1.6 Hooks for auxiliary files (HO)
kvoptions.sty    2019/11/29 v3.13 Key value format for package options (HO)
  pd1enc.def    2020-05-15 v7.00e Hyperref: PDFDocEncoding definition (HO)
 intcalc.sty    2019/12/15 v1.3 Expandable calculations with integers (HO)
etexcmds.sty    2019/12/15 v1.7 Avoid name clashes with e-TeX commands (HO)
     url.sty    2013/09/16  ver 3.4  Verb mode for urls, etc.
  bitset.sty    2019/12/09 v1.3 Handle bit-vector datatype (HO)
bigintcalc.sty    2019/12/15 v1.5 Expandable calculations on big integers (HO)
atbegshi.sty    2019/12/05 v1.19 At begin shipout hook (HO)
  hxetex.def    2020-05-15 v7.00e Hyperref driver for XeTeX
   puenc.def    2020-05-15 v7.00e Hyperref: PDF Unicode definition (HO)
stringenc.sty    2019/11/29 v1.12 Convert strings between diff. encodings (HO)
rerunfilecheck.sty    2019/12/05 v1.9 Rerun checks for auxiliary files (HO)
atveryend.sty    2019-12-11 v1.11 Hooks at the very end of document (HO)
uniquecounter.sty    2019/12/15 v1.4 Provide unlimited unique counter (HO)
l3backend-xdvipdfmx.def    2020-06-29 L3 backend support: xdvipdfmx
  ts1cmr.fd    2019/12/16 v2.5j Standard LaTeX font definitions
 spanish.apc    2013/07/21 v6.03 apacite language file
 nameref.sty    2019/09/16 v2.46 Cross-referencing by name of section
refcount.sty    2019/12/15 v3.6 Data extraction from label references (HO)
gettitlestring.sty    2019/12/15 v1.6 Cleanup title references (HO)
reporte2.out
reporte2.out
  apatch.sty    2006/07/02  3.11s last minute patches 
./componentes/resumen/resumen.tex
./componentes/introduccion/introduccion.tex
ImpregancionZIO.jpg    Graphic file (type bmp)
ImpregancionAu.jpg    Graphic file (type bmp)
se-ascii-print.def    2019/11/29 v1.12 stringenc: Printable ASCII characters
./componentes/materialesYMetodos/materialesYMetodos.tex
./componentes/resultados/resultados.tex
atpControl.jpg    Graphic file (type bmp)
  atpExp.jpg    Graphic file (type bmp)
     CL1.jpg    Graphic file (type bmp)
     CL2.jpg    Graphic file (type bmp)
./componentes/discusion/discusion.tex
./componentes/conclusion/conclusion.tex
reporte2.bbl
 ***********

Package atveryend Info: Executing hook `AtEndAfterFileList' on input line 82.
Package rerunfilecheck Info: File `reporte2.out' has not changed.
(rerunfilecheck)             Checksum: 1F06F2F31C8F595F8456EBE2C822E7C7;48.
Package atveryend Info: Empty hook `AtVeryVeryEnd' on input line 82.
 ) 
Here is how much of TeX's memory you used:
 15644 strings out of 414071
 213272 string characters out of 2894591
 539821 words of memory out of 3000000
 32989 multiletter control sequences out of 15000+200000
 537616 words of font info for 60 fonts, out of 3000000 for 9000
 1348 hyphenation exceptions out of 8191
 37i,12n,69p,1073b,498s stack positions out of 5000i,500n,10000p,200000b,50000s

Output written on reporte2.xdv (4 pages, 127492 bytes).
