This is pdfTeX, Version 3.14159265-2.6-1.40.21 (MiKTeX 20.6.29) (preloaded format=pdflatex 2020.9.21)  5 OCT 2020 22:35
entering extended mode
**c:/Users/sagad/Documents/rayGit/FQ/quimicaComputacional/practice1/practice1.tex
(c:/Users/sagad/Documents/rayGit/FQ/quimicaComputacional/practice1/practice1.tex
LaTeX2e <2020-02-02> patch level 5
L3 programming layer <2020-06-18> (C:\Users\sagad\AppData\Local\Programs\MiKTeX\tex/latex/base\article.cls
Document Class: article 2019/12/20 v1.4l Standard LaTeX document class
(C:\Users\sagad\AppData\Local\Programs\MiKTeX\tex/latex/base\size10.clo
File: size10.clo 2019/12/20 v1.4l Standard LaTeX file (size option)
)
\c@part=\count167
\c@section=\count168
\c@subsection=\count169
\c@subsubsection=\count170
\c@paragraph=\count171
\c@subparagraph=\count172
\c@figure=\count173
\c@table=\count174
\abovecaptionskip=\skip47
\belowcaptionskip=\skip48
\bibindent=\dimen134
) (C:\Users\sagad\AppData\Local\Programs\MiKTeX\tex/latex/xcolor\xcolor.sty
Package: xcolor 2016/05/11 v2.12 LaTeX color extensions (UK)
 (C:\Users\sagad\AppData\Local\Programs\MiKTeX\tex/latex/graphics-cfg\color.cfg
File: color.cfg 2016/01/02 v1.6 sample color configuration
)
Package xcolor Info: Driver file: pdftex.def on input line 225.
 (C:\Users\sagad\AppData\Local\Programs\MiKTeX\tex/latex/graphics-def\pdftex.def
File: pdftex.def 2018/01/08 v1.0l Graphics/color driver for pdftex
)
Package xcolor Info: Model `cmy' substituted by `cmy0' on input line 1348.
Package xcolor Info: Model `hsb' substituted by `rgb' on input line 1352.
Package xcolor Info: Model `RGB' extended on input line 1364.
Package xcolor Info: Model `HTML' substituted by `rgb' on input line 1366.
Package xcolor Info: Model `Hsb' substituted by `hsb' on input line 1367.
Package xcolor Info: Model `tHsb' substituted by `hsb' on input line 1368.
Package xcolor Info: Model `HSB' substituted by `hsb' on input line 1369.
Package xcolor Info: Model `Gray' substituted by `gray' on input line 1370.
Package xcolor Info: Model `wave' substituted by `hsb' on input line 1371.
) (C:\Users\sagad\AppData\Local\Programs\MiKTeX\tex/latex/geometry\geometry.sty
Package: geometry 2020/01/02 v5.9 Page Geometry
 (C:\Users\sagad\AppData\Local\Programs\MiKTeX\tex/latex/graphics\keyval.sty
Package: keyval 2014/10/28 v1.15 key=value parser (DPC)
\KV@toks@=\toks15
) (C:\Users\sagad\AppData\Local\Programs\MiKTeX\tex/generic/iftex\ifvtex.sty
Package: ifvtex 2019/10/25 v1.7 ifvtex legacy package. Use iftex instead.
 (C:\Users\sagad\AppData\Local\Programs\MiKTeX\tex/generic/iftex\iftex.sty
Package: iftex 2020/03/06 v1.0d TeX engine tests
))
\Gm@cnth=\count175
\Gm@cntv=\count176
\c@Gm@tempcnt=\count177
\Gm@bindingoffset=\dimen135
\Gm@wd@mp=\dimen136
\Gm@odd@mp=\dimen137
\Gm@even@mp=\dimen138
\Gm@layoutwidth=\dimen139
\Gm@layoutheight=\dimen140
\Gm@layouthoffset=\dimen141
\Gm@layoutvoffset=\dimen142
\Gm@dimlist=\toks16
 (C:\Users\sagad\AppData\Local\Programs\MiKTeX\tex/latex/geometry\geometry.cfg)) (C:\Users\sagad\AppData\Local\Programs\MiKTeX\tex/latex/multirow\multirow.sty
Package: multirow 2019/05/31 v2.5 Span multiple rows of a table
\multirow@colwidth=\skip49
\multirow@cntb=\count178
\multirow@dima=\skip50
\bigstrutjot=\dimen143
) (C:\Users\sagad\AppData\Local\Programs\MiKTeX\tex/latex/lipsum\lipsum.sty (C:\Users\sagad\AppData\Local\Programs\MiKTeX\tex/latex/l3kernel\expl3.sty
Package: expl3 2020-06-18 L3 programming layer (loader) 
 (C:\Users\sagad\AppData\Local\Programs\MiKTeX\tex/latex/l3backend\l3backend-pdfmode.def
File: l3backend-pdfmode.def 2020-06-29 L3 backend support: PDF mode
\l__kernel_color_stack_int=\count179
\l__pdf_internal_box=\box45
)) (C:\Users\sagad\AppData\Local\Programs\MiKTeX\tex/latex/l3packages/xparse\xparse.sty
Package: xparse 2020-05-15 L3 Experimental document command parser
 (C:\Users\sagad\AppData\Local\Programs\MiKTeX\tex/latex/l3packages/xparse\xparse-generic.tex
\l__xparse_current_arg_int=\count180
\g__xparse_grabber_int=\count181
\l__xparse_m_args_int=\count182
\l__xparse_v_nesting_int=\count183
))
Package: lipsum 2019/01/02 v2.2 150 paragraphs of Lorem Ipsum dummy text
 (C:\Users\sagad\AppData\Local\Programs\MiKTeX\tex/latex/lipsum\lipsum.ltd.tex
File: lipsum.ltd.tex 2019/01/02 v2.2 The Lorem ipsum dummy text
)) (C:\Users\sagad\AppData\Local\Programs\MiKTeX\tex/latex/hyperref\hyperref.sty
Package: hyperref 2020-05-15 v7.00e Hypertext links for LaTeX
 (C:\Users\sagad\AppData\Local\Programs\MiKTeX\tex/generic/ltxcmds\ltxcmds.sty
Package: ltxcmds 2019/12/15 v1.24 LaTeX kernel commands for general use (HO)
) (C:\Users\sagad\AppData\Local\Programs\MiKTeX\tex/generic/pdftexcmds\pdftexcmds.sty
Package: pdftexcmds 2020-06-27 v0.33 Utility functions of pdfTeX for LuaTeX (HO)
 (C:\Users\sagad\AppData\Local\Programs\MiKTeX\tex/generic/infwarerr\infwarerr.sty
Package: infwarerr 2019/12/03 v1.5 Providing info/warning/error messages (HO)
)
Package pdftexcmds Info: \pdf@primitive is available.
Package pdftexcmds Info: \pdf@ifprimitive is available.
Package pdftexcmds Info: \pdfdraftmode found.
) (C:\Users\sagad\AppData\Local\Programs\MiKTeX\tex/generic/kvsetkeys\kvsetkeys.sty
Package: kvsetkeys 2019/12/15 v1.18 Key value parser (HO)
) (C:\Users\sagad\AppData\Local\Programs\MiKTeX\tex/generic/kvdefinekeys\kvdefinekeys.sty
Package: kvdefinekeys 2019-12-19 v1.6 Define keys (HO)
) (C:\Users\sagad\AppData\Local\Programs\MiKTeX\tex/generic/pdfescape\pdfescape.sty
Package: pdfescape 2019/12/09 v1.15 Implements pdfTeX's escape features (HO)
) (C:\Users\sagad\AppData\Local\Programs\MiKTeX\tex/latex/hycolor\hycolor.sty
Package: hycolor 2020-01-27 v1.10 Color options for hyperref/bookmark (HO)
) (C:\Users\sagad\AppData\Local\Programs\MiKTeX\tex/latex/letltxmacro\letltxmacro.sty
Package: letltxmacro 2019/12/03 v1.6 Let assignment for LaTeX macros (HO)
) (C:\Users\sagad\AppData\Local\Programs\MiKTeX\tex/latex/auxhook\auxhook.sty
Package: auxhook 2019-12-17 v1.6 Hooks for auxiliary files (HO)
) (C:\Users\sagad\AppData\Local\Programs\MiKTeX\tex/latex/kvoptions\kvoptions.sty
Package: kvoptions 2019/11/29 v3.13 Key value format for package options (HO)
)
\@linkdim=\dimen144
\Hy@linkcounter=\count184
\Hy@pagecounter=\count185
 (C:\Users\sagad\AppData\Local\Programs\MiKTeX\tex/latex/hyperref\pd1enc.def
File: pd1enc.def 2020-05-15 v7.00e Hyperref: PDFDocEncoding definition (HO)
Now handling font encoding PD1 ...
... no UTF-8 mapping file for font encoding PD1
) (C:\Users\sagad\AppData\Local\Programs\MiKTeX\tex/generic/intcalc\intcalc.sty
Package: intcalc 2019/12/15 v1.3 Expandable calculations with integers (HO)
) (C:\Users\sagad\AppData\Local\Programs\MiKTeX\tex/generic/etexcmds\etexcmds.sty
Package: etexcmds 2019/12/15 v1.7 Avoid name clashes with e-TeX commands (HO)
)
\Hy@SavedSpaceFactor=\count186
Package hyperref Info: Hyper figures OFF on input line 4464.
Package hyperref Info: Link nesting OFF on input line 4469.
Package hyperref Info: Hyper index ON on input line 4472.
Package hyperref Info: Plain pages OFF on input line 4479.
Package hyperref Info: Backreferencing OFF on input line 4484.
Package hyperref Info: Implicit mode ON; LaTeX internals redefined.
Package hyperref Info: Bookmarks ON on input line 4717.
\c@Hy@tempcnt=\count187
 (C:\Users\sagad\AppData\Local\Programs\MiKTeX\tex/latex/url\url.sty
\Urlmuskip=\muskip16
Package: url 2013/09/16  ver 3.4  Verb mode for urls, etc.
)
LaTeX Info: Redefining \url on input line 5076.
\XeTeXLinkMargin=\dimen145
 (C:\Users\sagad\AppData\Local\Programs\MiKTeX\tex/generic/bitset\bitset.sty
Package: bitset 2019/12/09 v1.3 Handle bit-vector datatype (HO)
 (C:\Users\sagad\AppData\Local\Programs\MiKTeX\tex/generic/bigintcalc\bigintcalc.sty
Package: bigintcalc 2019/12/15 v1.5 Expandable calculations on big integers (HO)
))
\Fld@menulength=\count188
\Field@Width=\dimen146
\Fld@charsize=\dimen147
Package hyperref Info: Hyper figures OFF on input line 6347.
Package hyperref Info: Link nesting OFF on input line 6352.
Package hyperref Info: Hyper index ON on input line 6355.
Package hyperref Info: backreferencing OFF on input line 6362.
Package hyperref Info: Link coloring OFF on input line 6367.
Package hyperref Info: Link coloring with OCG OFF on input line 6372.
Package hyperref Info: PDF/A mode OFF on input line 6377.
LaTeX Info: Redefining \ref on input line 6417.
LaTeX Info: Redefining \pageref on input line 6421.
 (C:\Users\sagad\AppData\Local\Programs\MiKTeX\tex/generic/atbegshi\atbegshi.sty
Package: atbegshi 2019/12/05 v1.19 At begin shipout hook (HO)
)
\Hy@abspage=\count189
\c@Item=\count190
\c@Hfootnote=\count191
)
Package hyperref Info: Driver (autodetected): hpdftex.
 (C:\Users\sagad\AppData\Local\Programs\MiKTeX\tex/latex/hyperref\hpdftex.def
File: hpdftex.def 2020-05-15 v7.00e Hyperref driver for pdfTeX
 (C:\Users\sagad\AppData\Local\Programs\MiKTeX\tex/latex/atveryend\atveryend.sty
Package: atveryend 2019-12-11 v1.11 Hooks at the very end of document (HO)
Package atveryend Info: \enddocument detected (standard20110627).
)
\Fld@listcount=\count192
\c@bookmark@seq@number=\count193
 (C:\Users\sagad\AppData\Local\Programs\MiKTeX\tex/latex/rerunfilecheck\rerunfilecheck.sty
Package: rerunfilecheck 2019/12/05 v1.9 Rerun checks for auxiliary files (HO)
 (C:\Users\sagad\AppData\Local\Programs\MiKTeX\tex/generic/uniquecounter\uniquecounter.sty
Package: uniquecounter 2019/12/15 v1.4 Provide unlimited unique counter (HO)
)
Package uniquecounter Info: New unique counter `rerunfilecheck' on input line 286.
)
\Hy@SectionHShift=\skip51
) (C:\Users\sagad\AppData\Local\Programs\MiKTeX\tex/latex/listings\listings.sty
\lst@mode=\count194
\lst@gtempboxa=\box46
\lst@token=\toks17
\lst@length=\count195
\lst@currlwidth=\dimen148
\lst@column=\count196
\lst@pos=\count197
\lst@lostspace=\dimen149
\lst@width=\dimen150
\lst@newlines=\count198
\lst@lineno=\count199
\lst@maxwidth=\dimen151
 (C:\Users\sagad\AppData\Local\Programs\MiKTeX\tex/latex/listings\lstmisc.sty
File: lstmisc.sty 2020/03/24 1.8d (Carsten Heinz)
\c@lstnumber=\count266
\lst@skipnumbers=\count267
\lst@framebox=\box47
) (C:\Users\sagad\AppData\Local\Programs\MiKTeX\tex/latex/listings\listings.cfg
File: listings.cfg 2020/03/24 1.8d listings configuration
))
Package: listings 2020/03/24 1.8d (Carsten Heinz)
 (C:\Users\sagad\AppData\Local\Programs\MiKTeX\tex/latex/graphics\graphicx.sty
Package: graphicx 2019/11/30 v1.2a Enhanced LaTeX Graphics (DPC,SPQR)
 (C:\Users\sagad\AppData\Local\Programs\MiKTeX\tex/latex/graphics\graphics.sty
Package: graphics 2019/11/30 v1.4a Standard LaTeX Graphics (DPC,SPQR)
 (C:\Users\sagad\AppData\Local\Programs\MiKTeX\tex/latex/graphics\trig.sty
Package: trig 2016/01/03 v1.10 sin cos tan (DPC)
) (C:\Users\sagad\AppData\Local\Programs\MiKTeX\tex/latex/graphics-cfg\graphics.cfg
File: graphics.cfg 2016/06/04 v1.11 sample graphics configuration
)
Package graphics Info: Driver file: pdftex.def on input line 105.
)
\Gin@req@height=\dimen152
\Gin@req@width=\dimen153
) (C:\Users\sagad\AppData\Local\Programs\MiKTeX\tex/latex/adjustbox\adjustbox.sty
Package: adjustbox 2020/08/19 v1.3 Adjusting TeX boxes (trim, clip, ...)
 (C:\Users\sagad\AppData\Local\Programs\MiKTeX\tex/latex/xkeyval\xkeyval.sty
Package: xkeyval 2014/12/03 v2.7a package option processing (HA)
 (C:\Users\sagad\AppData\Local\Programs\MiKTeX\tex/generic/xkeyval\xkeyval.tex (C:\Users\sagad\AppData\Local\Programs\MiKTeX\tex/generic/xkeyval\xkvutils.tex
\XKV@toks=\toks18
\XKV@tempa@toks=\toks19
)
\XKV@depth=\count268
File: xkeyval.tex 2014/12/03 v2.7a key=value parser (HA)
)) (C:\Users\sagad\AppData\Local\Programs\MiKTeX\tex/latex/adjustbox\adjcalc.sty
Package: adjcalc 2012/05/16 v1.1 Provides advanced setlength with multiple back-ends (calc, etex, pgfmath)
) (C:\Users\sagad\AppData\Local\Programs\MiKTeX\tex/latex/adjustbox\trimclip.sty
Package: trimclip 2020/08/19 v1.2 Trim and clip general TeX material
 (C:\Users\sagad\AppData\Local\Programs\MiKTeX\tex/latex/collectbox\collectbox.sty
Package: collectbox 2012/05/17 v0.4b Collect macro arguments as boxes
\collectedbox=\box48
)
\tc@llx=\dimen154
\tc@lly=\dimen155
\tc@urx=\dimen156
\tc@ury=\dimen157
Package trimclip Info: Using driver 'tc-pdftex.def'.
 (C:\Users\sagad\AppData\Local\Programs\MiKTeX\tex/latex/adjustbox\tc-pdftex.def
File: tc-pdftex.def 2019/01/04 v2.2 Clipping driver for pdftex
))
\adjbox@Width=\dimen158
\adjbox@Height=\dimen159
\adjbox@Depth=\dimen160
\adjbox@Totalheight=\dimen161
\adjbox@pwidth=\dimen162
\adjbox@pheight=\dimen163
\adjbox@pdepth=\dimen164
\adjbox@ptotalheight=\dimen165
 (C:\Users\sagad\AppData\Local\Programs\MiKTeX\tex/latex/ifoddpage\ifoddpage.sty
Package: ifoddpage 2016/04/23 v1.1 Conditionals for odd/even page detection
\c@checkoddpage=\count269
) (C:\Users\sagad\AppData\Local\Programs\MiKTeX\tex/latex/varwidth\varwidth.sty
Package: varwidth 2009/03/30 ver 0.92;  Variable-width minipages
\@vwid@box=\box49
\sift@deathcycles=\count270
\@vwid@loff=\dimen166
\@vwid@roff=\dimen167
)) (C:\Users\sagad\AppData\Local\Programs\MiKTeX\tex/latex/amsmath\amsmath.sty
Package: amsmath 2020/01/20 v2.17e AMS math features
\@mathmargin=\skip52

For additional information on amsmath, use the `?' option.
(C:\Users\sagad\AppData\Local\Programs\MiKTeX\tex/latex/amsmath\amstext.sty
Package: amstext 2000/06/29 v2.01 AMS text
 (C:\Users\sagad\AppData\Local\Programs\MiKTeX\tex/latex/amsmath\amsgen.sty
File: amsgen.sty 1999/11/30 v2.0 generic functions
\@emptytoks=\toks20
\ex@=\dimen168
)) (C:\Users\sagad\AppData\Local\Programs\MiKTeX\tex/latex/amsmath\amsbsy.sty
Package: amsbsy 1999/11/29 v1.2d Bold Symbols
\pmbraise@=\dimen169
) (C:\Users\sagad\AppData\Local\Programs\MiKTeX\tex/latex/amsmath\amsopn.sty
Package: amsopn 2016/03/08 v2.02 operator names
)
\inf@bad=\count271
LaTeX Info: Redefining \frac on input line 227.
\uproot@=\count272
\leftroot@=\count273
LaTeX Info: Redefining \overline on input line 389.
\classnum@=\count274
\DOTSCASE@=\count275
LaTeX Info: Redefining \ldots on input line 486.
LaTeX Info: Redefining \dots on input line 489.
LaTeX Info: Redefining \cdots on input line 610.
\Mathstrutbox@=\box50
\strutbox@=\box51
\big@size=\dimen170
LaTeX Font Info:    Redeclaring font encoding OML on input line 733.
LaTeX Font Info:    Redeclaring font encoding OMS on input line 734.
\macc@depth=\count276
\c@MaxMatrixCols=\count277
\dotsspace@=\muskip17
\c@parentequation=\count278
\dspbrk@lvl=\count279
\tag@help=\toks21
\row@=\count280
\column@=\count281
\maxfields@=\count282
\andhelp@=\toks22
\eqnshift@=\dimen171
\alignsep@=\dimen172
\tagshift@=\dimen173
\tagwidth@=\dimen174
\totwidth@=\dimen175
\lineht@=\dimen176
\@envbody=\toks23
\multlinegap=\skip53
\multlinetaggap=\skip54
\mathdisplay@stack=\toks24
LaTeX Info: Redefining \[ on input line 2859.
LaTeX Info: Redefining \] on input line 2860.
)
Package hyperref Info: Option `colorlinks' set `true' on input line 16.
 (c:/Users\sagad\Documents\rayGit\FQ\quimicaComputacional\practice1\build\practice1.aux)
\openout1 = `practice1.aux'.

LaTeX Font Info:    Checking defaults for OML/cmm/m/it on input line 57.
LaTeX Font Info:    ... okay on input line 57.
LaTeX Font Info:    Checking defaults for OMS/cmsy/m/n on input line 57.
LaTeX Font Info:    ... okay on input line 57.
LaTeX Font Info:    Checking defaults for OT1/cmr/m/n on input line 57.
LaTeX Font Info:    ... okay on input line 57.
LaTeX Font Info:    Checking defaults for T1/cmr/m/n on input line 57.
LaTeX Font Info:    ... okay on input line 57.
LaTeX Font Info:    Checking defaults for TS1/cmr/m/n on input line 57.
LaTeX Font Info:    ... okay on input line 57.
LaTeX Font Info:    Checking defaults for OMX/cmex/m/n on input line 57.
LaTeX Font Info:    ... okay on input line 57.
LaTeX Font Info:    Checking defaults for U/cmr/m/n on input line 57.
LaTeX Font Info:    ... okay on input line 57.
LaTeX Font Info:    Checking defaults for PD1/pdf/m/n on input line 57.
LaTeX Font Info:    ... okay on input line 57.
 (C:\Users\sagad\AppData\Local\Programs\MiKTeX\tex/context/base/mkii\supp-pdf.mkii
[Loading MPS to PDF converter (version 2006.09.02).]
\scratchcounter=\count283
\scratchdimen=\dimen177
\scratchbox=\box52
\nofMPsegments=\count284
\nofMParguments=\count285
\everyMPshowfont=\toks25
\MPscratchCnt=\count286
\MPscratchDim=\dimen178
\MPnumerator=\count287
\makeMPintoPDFobject=\count288
\everyMPtoPDFconversion=\toks26
) (C:\Users\sagad\AppData\Local\Programs\MiKTeX\tex/latex/epstopdf-pkg\epstopdf-base.sty
Package: epstopdf-base 2020-01-24 v2.11 Base part for package epstopdf
 (C:\Users\sagad\AppData\Local\Programs\MiKTeX\tex/latex/grfext\grfext.sty
Package: grfext 2019/12/03 v1.3 Manage graphics extensions (HO)
)
Package epstopdf-base Info: Redefining graphics rule for `.eps' on input line 485.
Package grfext Info: Graphics extension search list:
(grfext)             [.pdf,.png,.jpg,.mps,.jpeg,.jbig2,.jb2,.PDF,.PNG,.JPG,.JPEG,.JBIG2,.JB2,.eps]
(grfext)             \AppendGraphicsExtensions on input line 504.
)
*geometry* driver: auto-detecting
*geometry* detected driver: pdftex
*geometry* verbose mode - [ preamble ] result:
* driver: pdftex
* paper: a4paper
* layout: <same size as paper>
* layoutoffset:(h,v)=(0.0pt,0.0pt)
* modes: 
* h-part:(L,W,R)=(42.19522pt, 513.11743pt, 42.19522pt)
* v-part:(T,H,B)=(63.39273pt, 686.56499pt, 95.08913pt)
* \paperwidth=597.50787pt
* \paperheight=845.04684pt
* \textwidth=513.11743pt
* \textheight=686.56499pt
* \oddsidemargin=-30.07477pt
* \evensidemargin=-30.07477pt
* \topmargin=-45.87726pt
* \headheight=12.0pt
* \headsep=25.0pt
* \topskip=10.0pt
* \footskip=30.0pt
* \marginparwidth=4.0pt
* \marginparsep=10.0pt
* \columnsep=10.0pt
* \skip\footins=9.0pt plus 4.0pt minus 2.0pt
* \hoffset=0.0pt
* \voffset=0.0pt
* \mag=1000
* \@twocolumntrue
* \@twosidefalse
* \@mparswitchfalse
* \@reversemarginfalse
* (1in=72.27pt=25.4mm, 1cm=28.453pt)

\AtBeginShipoutBox=\box53
Package hyperref Info: Link coloring ON on input line 57.
(C:\Users\sagad\AppData\Local\Programs\MiKTeX\tex/latex/hyperref\nameref.sty
Package: nameref 2019/09/16 v2.46 Cross-referencing by name of section
 (C:\Users\sagad\AppData\Local\Programs\MiKTeX\tex/latex/refcount\refcount.sty
Package: refcount 2019/12/15 v3.6 Data extraction from label references (HO)
) (C:\Users\sagad\AppData\Local\Programs\MiKTeX\tex/generic/gettitlestring\gettitlestring.sty
Package: gettitlestring 2019/12/15 v1.6 Cleanup title references (HO)
)
\c@section@level=\count289
)
LaTeX Info: Redefining \ref on input line 57.
LaTeX Info: Redefining \pageref on input line 57.
LaTeX Info: Redefining \nameref on input line 57.
 (c:/Users\sagad\Documents\rayGit\FQ\quimicaComputacional\practice1\build\practice1.out) (c:/Users\sagad\Documents\rayGit\FQ\quimicaComputacional\practice1\build\practice1.out)
\@outlinefile=\write3
\openout3 = `practice1.out'.

\c@lstlisting=\count290
<F.png, id=10, 137.7948pt x 131.5314pt>
File: F.png Graphic file (type png)
<use F.png>
Package pdftex.def Info: F.png  used on input line 120.
(pdftex.def)             Requested size: 59.94025pt x 57.21568pt.
<F2.png, id=11, 289.8027pt x 132.9768pt>
File: F2.png Graphic file (type png)
<use F2.png>
Package pdftex.def Info: F2.png  used on input line 125.
(pdftex.def)             Requested size: 128.27936pt x 58.861pt.
 [1{C:/Users/sagad/AppData/Local/MiKTeX/pdftex/config/pdftex.map}


 <./F.png (PNG copy)> <./F2.png (PNG copy)>] (c:/Users\sagad\Documents\rayGit\FQ\quimicaComputacional\practice1\build\practice1.bbl
Underfull \hbox (badness 10000) in paragraph at lines 4--6
[]\OT1/cmr/m/n/10 Wikipedia, ``Hartree{fock method.'' [][]$\OT1/cmtt/m/n/10 https :
 []


Underfull \hbox (badness 10000) in paragraph at lines 4--6
\OT1/cmtt/m/n/10 / / en . wikipedia . org / wiki / Hartree % E2 % 80 %
 []


Underfull \hbox (badness 10000) in paragraph at lines 8--10
[][]$\OT1/cmtt/m/n/10 http : / / eng-[]web1 . eng . famu . fsu . edu / []dommelen /
 []


Underfull \hbox (badness 2744) in paragraph at lines 12--14
\OT1/cmr/m/n/10 tron cor-re-la-tion en-ergy.'' [][]$\OT1/cmtt/m/n/10 https : / / dasher . wustl .
 []


Underfull \hbox (badness 10000) in paragraph at lines 20--22
\OT1/cmtt/m/n/10 org / Bookshelves / Physical _ and _ Theoretical _
 []


Underfull \hbox (badness 10000) in paragraph at lines 20--22
\OT1/cmtt/m/n/10 Chemistry _ Textbook _ Maps / Supplemental _
 []


Underfull \hbox (badness 10000) in paragraph at lines 20--22
\OT1/cmtt/m/n/10 Modules _ (Physical _ and _ Theoretical _ Chemistry )
 []


Underfull \hbox (badness 10000) in paragraph at lines 20--22
\OT1/cmtt/m/n/10 /Thermodynamics / Thermodynamic _ Cycles / Hesss _
 []


Underfull \hbox (badness 3849) in paragraph at lines 27--29
[]\OT1/cmr/m/n/10 A. T. Ta-bles, ``En-thalpy of for-ma-tion of $\OML/cmm/m/it/10 f[]$\OT1/cmr/m/n/10 .''
 []


Underfull \hbox (badness 10000) in paragraph at lines 27--29
[][]$\OT1/cmtt/m/n/10 https : / / atct . anl . gov / Thermochemical % 20Data /
 []


Underfull \hbox (badness 10000) in paragraph at lines 27--29
\OT1/cmtt/m/n/10 version % 201 . 122 / reaction / ? & species _ number[] =
 []

)
Package atveryend Info: Empty hook `BeforeClearDocument' on input line 217.
 [2]
Package atveryend Info: Empty hook `AfterLastShipout' on input line 217.
 (c:/Users\sagad\Documents\rayGit\FQ\quimicaComputacional\practice1\build\practice1.aux)
Package atveryend Info: Executing hook `AtVeryEndDocument' on input line 217.
Package atveryend Info: Executing hook `AtEndAfterFileList' on input line 217.
Package rerunfilecheck Info: File `practice1.out' has not changed.
(rerunfilecheck)             Checksum: D41D8CD98F00B204E9800998ECF8427E;0.
Package atveryend Info: Empty hook `AtVeryVeryEnd' on input line 217.
 ) 
Here is how much of TeX's memory you used:
 10069 strings out of 480790
 159383 string characters out of 2897301
 536853 words of memory out of 3000000
 25842 multiletter control sequences out of 15000+200000
 540053 words of font info for 51 fonts, out of 3000000 for 9000
 1141 hyphenation exceptions out of 8191
 37i,10n,41p,527b,1098s stack positions out of 5000i,500n,10000p,200000b,50000s
 <C:\Users\sagad\AppData\Local\MiKTeX\fonts/pk/ljfour/jknappen/ec/dpi600\tcrm1000.pk><C:/Users/sagad/AppData/Local/Programs/MiKTeX/fonts/type1/public/amsfonts/cm/cmbx10.pfb><C:/Users/sagad/AppData/Local/Programs/MiKTeX/fonts/type1/public/amsfonts/cm/cmbx12.pfb><C:/Users/sagad/AppData/Local/Programs/MiKTeX/fonts/type1/public/amsfonts/cm/cmbx9.pfb><C:/Users/sagad/AppData/Local/Programs/MiKTeX/fonts/type1/public/amsfonts/cm/cmex10.pfb><C:/Users/sagad/AppData/Local/Programs/MiKTeX/fonts/type1/public/amsfonts/cm/cmmi10.pfb><C:/Users/sagad/AppData/Local/Programs/MiKTeX/fonts/type1/public/amsfonts/cm/cmmi5.pfb><C:/Users/sagad/AppData/Local/Programs/MiKTeX/fonts/type1/public/amsfonts/cm/cmmi7.pfb><C:/Users/sagad/AppData/Local/Programs/MiKTeX/fonts/type1/public/amsfonts/cm/cmmi9.pfb><C:/Users/sagad/AppData/Local/Programs/MiKTeX/fonts/type1/public/amsfonts/cm/cmr10.pfb><C:/Users/sagad/AppData/Local/Programs/MiKTeX/fonts/type1/public/amsfonts/cm/cmr12.pfb><C:/Users/sagad/AppData/Local/Programs/MiKTeX/fonts/type1/public/amsfonts/cm/cmr17.pfb><C:/Users/sagad/AppData/Local/Programs/MiKTeX/fonts/type1/public/amsfonts/cm/cmr5.pfb><C:/Users/sagad/AppData/Local/Programs/MiKTeX/fonts/type1/public/amsfonts/cm/cmr6.pfb><C:/Users/sagad/AppData/Local/Programs/MiKTeX/fonts/type1/public/amsfonts/cm/cmr7.pfb><C:/Users/sagad/AppData/Local/Programs/MiKTeX/fonts/type1/public/amsfonts/cm/cmr9.pfb><C:/Users/sagad/AppData/Local/Programs/MiKTeX/fonts/type1/public/amsfonts/cm/cmsy10.pfb><C:/Users/sagad/AppData/Local/Programs/MiKTeX/fonts/type1/public/amsfonts/cm/cmsy7.pfb><C:/Users/sagad/AppData/Local/Programs/MiKTeX/fonts/type1/public/amsfonts/cm/cmti10.pfb><C:/Users/sagad/AppData/Local/Programs/MiKTeX/fonts/type1/public/amsfonts/cm/cmti9.pfb><C:/Users/sagad/AppData/Local/Programs/MiKTeX/fonts/type1/public/amsfonts/cm/cmtt10.pfb>
Output written on c:/Users\sagad\Documents\rayGit\FQ\quimicaComputacional\practice1\build\practice1.pdf (2 pages, 371760 bytes).
PDF statistics:
 190 PDF objects out of 1000 (max. 8388607)
 52 named destinations out of 1000 (max. 500000)
 11 words of extra memory for PDF output out of 10000 (max. 10000000)

